INFO:nextcord.client:Cleaning up tasks.
INFO:nextcord.client:Cleaning up after 2 tasks.
INFO:nextcord.client:All tasks finished cancelling.
INFO:nextcord.client:Closing the event loop.
INFO:nextcord.client:logging in using static token
INFO:nextcord.gateway:Shard ID None has sent the IDENTIFY payload.
INFO:nextcord.gateway:Shard ID None has connected to Gateway: ["gateway-prd-main-gncr",{"micros":237582,"calls":["discord-sessions-green-prd-2-109",{"micros":234602,"calls":["start_session",{"micros":178422,"calls":["discord-api-5c5b946f98-txkml",{"micros":166423,"calls":["get_user",{"micros":20278},"add_authorized_ip",{"micros":14212},"get_guilds",{"micros":15123},"coros_wait",{"micros":1}]}]},"guilds_connect",{"micros":2,"calls":[]},"presence_connect",{"micros":1,"calls":[]}]}]}] (Session ID: b77648caea7f62d0bf692a8c6fd5b9b5).
INFO:nextcord.state:nextcord.ConnectionState: Registering command with signature ('create_character', 1, None)
INFO:nextcord.state:nextcord.ConnectionState: Registering command with signature ('guild', 1, None)
INFO:nextcord.state:nextcord.ConnectionState: Registering command with signature ('suggsetion', 1, None)
INFO:nextcord.state:nextcord.ConnectionState: Registering command with signature ('take_damage', 1, None)
INFO:nextcord.state:nextcord.ConnectionState: Registering command with signature ('crafting', 1, None)
INFO:nextcord.state:nextcord.ConnectionState: Registering command with signature ('market', 1, None)
INFO:root:('Bot has successfully logged in as: OpenRpg#8813', 'Bot ID: 893043103051706378\n')
INFO:root:('Ein Spieler Retro#5636 wurde gespeichert',)
INFO:root:('Ein Spieler Retro#5636 wurde gespeichert',)
INFO:nextcord.state:nextcord.ConnectionState: Registering command with signature ('player', 1, None)
INFO:nextcord.state:nextcord.ConnectionState: Registering command with signature ('fight', 1, None)
INFO:nextcord.gateway:Websocket closed with WSCloseCode.ABNORMAL_CLOSURE, attempting a reconnect.
INFO:nextcord.client:Got a request to RESUME the websocket.
INFO:root:('Bot ist disconnected von Discord',)
INFO:nextcord.gateway:Shard ID None has sent the RESUME payload.
INFO:nextcord.gateway:Shard ID None session has been invalidated.
INFO:nextcord.client:Got a request to IDENTIFY the websocket.
INFO:root:('Bot ist disconnected von Discord',)
INFO:nextcord.gateway:Shard ID None has sent the IDENTIFY payload.
INFO:nextcord.gateway:Shard ID None has connected to Gateway: ["gateway-prd-main-ffkz",{"micros":175033,"calls":["discord-sessions-green-prd-2-84",{"micros":173646,"calls":["start_session",{"micros":105430,"calls":["discord-api-5c5b946f98-4cflt",{"micros":100146,"calls":["get_user",{"micros":24776},"add_authorized_ip",{"micros":4604},"get_guilds",{"micros":12837},"coros_wait",{"micros":1}]}]},"guilds_connect",{"micros":2,"calls":[]},"presence_connect",{"micros":47516,"calls":[]}]}]}] (Session ID: 40bccfdcb6636670cb79ad7c59494077).
INFO:nextcord.state:nextcord.ConnectionState: Registering command with signature ('create_character', 1, None)
INFO:nextcord.state:nextcord.ConnectionState: Registering command with signature ('guild', 1, None)
INFO:nextcord.state:nextcord.ConnectionState: Registering command with signature ('suggsetion', 1, None)
INFO:nextcord.state:nextcord.ConnectionState: Registering command with signature ('take_damage', 1, None)
INFO:nextcord.state:nextcord.ConnectionState: Registering command with signature ('crafting', 1, None)
INFO:nextcord.state:nextcord.ConnectionState: Registering command with signature ('market', 1, None)
INFO:root:('Bot has successfully logged in as: OpenRpg#8813', 'Bot ID: 893043103051706378\n')
INFO:nextcord.state:nextcord.ConnectionState: Registering command with signature ('player', 1, None)
INFO:nextcord.state:nextcord.ConnectionState: Registering command with signature ('fight', 1, None)
INFO:nextcord.gateway:Websocket closed with WSCloseCode.ABNORMAL_CLOSURE, attempting a reconnect.
INFO:nextcord.client:Got a request to RESUME the websocket.
INFO:root:('Bot ist disconnected von Discord',)
INFO:nextcord.gateway:Shard ID None has sent the RESUME payload.
INFO:nextcord.gateway:Shard ID None session has been invalidated.
INFO:nextcord.client:Got a request to IDENTIFY the websocket.
INFO:root:('Bot ist disconnected von Discord',)
INFO:nextcord.gateway:Shard ID None has sent the IDENTIFY payload.
INFO:nextcord.gateway:Shard ID None has connected to Gateway: ["gateway-prd-main-xd6v",{"micros":118282,"calls":["discord-sessions-green-prd-2-79",{"micros":117325,"calls":["start_session",{"micros":95508,"calls":["discord-api-5c5b946f98-78qcm",{"micros":89235,"calls":["get_user",{"micros":15664},"add_authorized_ip",{"micros":6863},"get_guilds",{"micros":8148},"coros_wait",{"micros":2}]}]},"guilds_connect",{"micros":19,"calls":[]},"presence_connect",{"micros":4910,"calls":[]}]}]}] (Session ID: d7d47638bf6d59f31dec11e740cd8c03).
INFO:nextcord.state:nextcord.ConnectionState: Registering command with signature ('create_character', 1, None)
INFO:nextcord.state:nextcord.ConnectionState: Registering command with signature ('guild', 1, None)
INFO:nextcord.state:nextcord.ConnectionState: Registering command with signature ('suggsetion', 1, None)
INFO:nextcord.state:nextcord.ConnectionState: Registering command with signature ('take_damage', 1, None)
INFO:nextcord.state:nextcord.ConnectionState: Registering command with signature ('crafting', 1, None)
INFO:nextcord.state:nextcord.ConnectionState: Registering command with signature ('market', 1, None)
INFO:root:('Bot has successfully logged in as: OpenRpg#8813', 'Bot ID: 893043103051706378\n')
INFO:nextcord.state:nextcord.ConnectionState: Registering command with signature ('player', 1, None)
INFO:nextcord.state:nextcord.ConnectionState: Registering command with signature ('fight', 1, None)
INFO:nextcord.gateway:Websocket closed with WSCloseCode.ABNORMAL_CLOSURE, attempting a reconnect.
INFO:nextcord.client:Got a request to RESUME the websocket.
INFO:root:('Bot ist disconnected von Discord',)
INFO:nextcord.gateway:Shard ID None has sent the RESUME payload.
INFO:nextcord.gateway:Shard ID None session has been invalidated.
INFO:nextcord.client:Got a request to IDENTIFY the websocket.
INFO:root:('Bot ist disconnected von Discord',)
INFO:nextcord.gateway:Shard ID None has sent the IDENTIFY payload.
INFO:nextcord.gateway:Shard ID None has connected to Gateway: ["gateway-prd-main-h93c",{"micros":101027,"calls":["discord-sessions-green-prd-2-65",{"micros":100023,"calls":["start_session",{"micros":86882,"calls":["discord-api-5c5b946f98-2858z",{"micros":75470,"calls":["get_user",{"micros":18314},"add_authorized_ip",{"micros":2542},"get_guilds",{"micros":9218},"coros_wait",{"micros":2}]}]},"guilds_connect",{"micros":2,"calls":[]},"presence_connect",{"micros":7485,"calls":[]}]}]}] (Session ID: 08a4002c34d61de05160d954fbffb132).
INFO:nextcord.state:nextcord.ConnectionState: Registering command with signature ('create_character', 1, None)
INFO:nextcord.state:nextcord.ConnectionState: Registering command with signature ('guild', 1, None)
INFO:nextcord.state:nextcord.ConnectionState: Registering command with signature ('suggsetion', 1, None)
INFO:nextcord.state:nextcord.ConnectionState: Registering command with signature ('take_damage', 1, None)
INFO:nextcord.state:nextcord.ConnectionState: Registering command with signature ('crafting', 1, None)
INFO:nextcord.state:nextcord.ConnectionState: Registering command with signature ('market', 1, None)
INFO:root:('Bot has successfully logged in as: OpenRpg#8813', 'Bot ID: 893043103051706378\n')
INFO:nextcord.state:nextcord.ConnectionState: Registering command with signature ('player', 1, None)
INFO:nextcord.state:nextcord.ConnectionState: Registering command with signature ('fight', 1, None)
INFO:nextcord.gateway:Websocket closed with 1000, cannot reconnect.
ERROR:nextcord.client:Attempting a reconnect in 0.50s
Traceback (most recent call last):
  File "/Library/Frameworks/Python.framework/Versions/3.9/lib/python3.9/site-packages/nextcord/client.py", line 644, in connect
    await self.ws.poll_event()
  File "/Library/Frameworks/Python.framework/Versions/3.9/lib/python3.9/site-packages/nextcord/gateway.py", line 641, in poll_event
    raise ConnectionClosed(self.socket, shard_id=self.shard_id, code=code) from None
nextcord.errors.ConnectionClosed: Shard ID None WebSocket closed with 1000
INFO:root:('Bot ist disconnected von Discord',)
INFO:nextcord.gateway:Shard ID None has sent the RESUME payload.
INFO:nextcord.gateway:Shard ID None has successfully RESUMED session 08a4002c34d61de05160d954fbffb132 under trace ["gateway-prd-main-2b61",{"micros":702,"calls":["discord-sessions-green-prd-2-65",{"micros":18}]}].
INFO:nextcord.gateway:Websocket closed with WSCloseCode.ABNORMAL_CLOSURE, attempting a reconnect.
INFO:nextcord.client:Got a request to RESUME the websocket.
INFO:root:('Bot ist disconnected von Discord',)
INFO:nextcord.gateway:Shard ID None has sent the RESUME payload.
INFO:nextcord.gateway:Shard ID None session has been invalidated.
INFO:nextcord.client:Got a request to IDENTIFY the websocket.
INFO:root:('Bot ist disconnected von Discord',)
INFO:nextcord.gateway:Shard ID None has sent the IDENTIFY payload.
INFO:nextcord.gateway:Shard ID None has connected to Gateway: ["gateway-prd-main-dmt9",{"micros":259450,"calls":["discord-sessions-green-prd-2-132",{"micros":257999,"calls":["start_session",{"micros":241520,"calls":["discord-api-5c5b946f98-x8bh6",{"micros":231980,"calls":["get_user",{"micros":38564},"add_authorized_ip",{"micros":23253},"get_guilds",{"micros":27209},"coros_wait",{"micros":2}]}]},"guilds_connect",{"micros":1,"calls":[]},"presence_connect",{"micros":12883,"calls":[]}]}]}] (Session ID: 1ab8845920aa21ad366a6f010a1a5fd4).
INFO:nextcord.state:nextcord.ConnectionState: Registering command with signature ('create_character', 1, None)
INFO:nextcord.state:nextcord.ConnectionState: Registering command with signature ('guild', 1, None)
INFO:nextcord.state:nextcord.ConnectionState: Registering command with signature ('suggsetion', 1, None)
INFO:nextcord.state:nextcord.ConnectionState: Registering command with signature ('take_damage', 1, None)
INFO:nextcord.state:nextcord.ConnectionState: Registering command with signature ('crafting', 1, None)
INFO:nextcord.state:nextcord.ConnectionState: Registering command with signature ('market', 1, None)
INFO:root:('Bot has successfully logged in as: OpenRpg#8813', 'Bot ID: 893043103051706378\n')
INFO:nextcord.state:nextcord.ConnectionState: Registering command with signature ('player', 1, None)
INFO:nextcord.state:nextcord.ConnectionState: Registering command with signature ('fight', 1, None)
INFO:nextcord.gateway:Websocket closed with WSCloseCode.ABNORMAL_CLOSURE, attempting a reconnect.
INFO:nextcord.client:Got a request to RESUME the websocket.
INFO:root:('Bot ist disconnected von Discord',)
INFO:nextcord.gateway:Shard ID None has sent the RESUME payload.
INFO:nextcord.gateway:Shard ID None session has been invalidated.
INFO:nextcord.client:Got a request to IDENTIFY the websocket.
INFO:root:('Bot ist disconnected von Discord',)
INFO:nextcord.gateway:Shard ID None has sent the IDENTIFY payload.
INFO:nextcord.gateway:Shard ID None has connected to Gateway: ["gateway-prd-main-24dg",{"micros":115989,"calls":["discord-sessions-green-prd-2-114",{"micros":109569,"calls":["start_session",{"micros":42130,"calls":["discord-api-5c5b946f98-kdzht",{"micros":36898,"calls":["get_user",{"micros":7408},"add_authorized_ip",{"micros":1364},"get_guilds",{"micros":3560},"coros_wait",{"micros":1}]}]},"guilds_connect",{"micros":2,"calls":[]},"presence_connect",{"micros":12203,"calls":[]}]}]}] (Session ID: e703583721406efd12be4a6d51d6de26).
INFO:nextcord.state:nextcord.ConnectionState: Registering command with signature ('create_character', 1, None)
INFO:nextcord.state:nextcord.ConnectionState: Registering command with signature ('guild', 1, None)
INFO:nextcord.state:nextcord.ConnectionState: Registering command with signature ('suggsetion', 1, None)
INFO:nextcord.state:nextcord.ConnectionState: Registering command with signature ('take_damage', 1, None)
INFO:nextcord.state:nextcord.ConnectionState: Registering command with signature ('crafting', 1, None)
INFO:nextcord.state:nextcord.ConnectionState: Registering command with signature ('market', 1, None)
INFO:root:('Bot has successfully logged in as: OpenRpg#8813', 'Bot ID: 893043103051706378\n')
INFO:nextcord.state:nextcord.ConnectionState: Registering command with signature ('player', 1, None)
INFO:nextcord.state:nextcord.ConnectionState: Registering command with signature ('fight', 1, None)
INFO:nextcord.gateway:Websocket closed with WSCloseCode.ABNORMAL_CLOSURE, attempting a reconnect.
INFO:nextcord.client:Got a request to RESUME the websocket.
INFO:root:('Bot ist disconnected von Discord',)
INFO:nextcord.gateway:Shard ID None has sent the RESUME payload.
INFO:nextcord.gateway:Shard ID None session has been invalidated.
INFO:nextcord.client:Got a request to IDENTIFY the websocket.
INFO:root:('Bot ist disconnected von Discord',)
INFO:nextcord.gateway:Shard ID None has sent the IDENTIFY payload.
INFO:nextcord.gateway:Shard ID None has connected to Gateway: ["gateway-prd-main-284s",{"micros":108940,"calls":["discord-sessions-green-prd-2-73",{"micros":107457,"calls":["start_session",{"micros":45048,"calls":["discord-api-5c5b946f98-lr95c",{"micros":39635,"calls":["get_user",{"micros":9469},"add_authorized_ip",{"micros":3467},"get_guilds",{"micros":3815},"coros_wait",{"micros":2}]}]},"guilds_connect",{"micros":1,"calls":[]},"presence_connect",{"micros":1,"calls":[]}]}]}] (Session ID: e080a2133779748df0e618ea14bf2ddf).
INFO:nextcord.state:nextcord.ConnectionState: Registering command with signature ('create_character', 1, None)
INFO:nextcord.state:nextcord.ConnectionState: Registering command with signature ('guild', 1, None)
INFO:nextcord.state:nextcord.ConnectionState: Registering command with signature ('suggsetion', 1, None)
INFO:nextcord.state:nextcord.ConnectionState: Registering command with signature ('take_damage', 1, None)
INFO:nextcord.state:nextcord.ConnectionState: Registering command with signature ('crafting', 1, None)
INFO:nextcord.state:nextcord.ConnectionState: Registering command with signature ('market', 1, None)
INFO:root:('Bot has successfully logged in as: OpenRpg#8813', 'Bot ID: 893043103051706378\n')
INFO:nextcord.state:nextcord.ConnectionState: Registering command with signature ('player', 1, None)
INFO:nextcord.state:nextcord.ConnectionState: Registering command with signature ('fight', 1, None)
INFO:nextcord.gateway:Websocket closed with WSCloseCode.ABNORMAL_CLOSURE, attempting a reconnect.
INFO:nextcord.client:Got a request to RESUME the websocket.
INFO:root:('Bot ist disconnected von Discord',)
INFO:nextcord.gateway:Shard ID None has sent the RESUME payload.
INFO:nextcord.gateway:Shard ID None session has been invalidated.
INFO:nextcord.client:Got a request to IDENTIFY the websocket.
INFO:root:('Bot ist disconnected von Discord',)
INFO:nextcord.gateway:Shard ID None has sent the IDENTIFY payload.
INFO:nextcord.gateway:Shard ID None has connected to Gateway: ["gateway-prd-main-h8kp",{"micros":124617,"calls":["discord-sessions-green-prd-2-47",{"micros":117867,"calls":["start_session",{"micros":84128,"calls":["discord-api-5c5b946f98-7w6dt",{"micros":73392,"calls":["get_user",{"micros":16430},"add_authorized_ip",{"micros":2280},"get_guilds",{"micros":12572},"coros_wait",{"micros":1}]}]},"guilds_connect",{"micros":1,"calls":[]},"presence_connect",{"micros":32537,"calls":[]}]}]}] (Session ID: 48d7462e152b86e824be6bd16e3b789b).
INFO:nextcord.state:nextcord.ConnectionState: Registering command with signature ('create_character', 1, None)
INFO:nextcord.state:nextcord.ConnectionState: Registering command with signature ('guild', 1, None)
INFO:nextcord.state:nextcord.ConnectionState: Registering command with signature ('suggsetion', 1, None)
INFO:nextcord.state:nextcord.ConnectionState: Registering command with signature ('take_damage', 1, None)
INFO:nextcord.state:nextcord.ConnectionState: Registering command with signature ('crafting', 1, None)
INFO:nextcord.state:nextcord.ConnectionState: Registering command with signature ('market', 1, None)
INFO:root:('Bot has successfully logged in as: OpenRpg#8813', 'Bot ID: 893043103051706378\n')
INFO:nextcord.state:nextcord.ConnectionState: Registering command with signature ('player', 1, None)
INFO:nextcord.state:nextcord.ConnectionState: Registering command with signature ('fight', 1, None)
INFO:nextcord.gateway:Websocket closed with WSCloseCode.ABNORMAL_CLOSURE, attempting a reconnect.
INFO:nextcord.client:Got a request to RESUME the websocket.
INFO:root:('Bot ist disconnected von Discord',)
INFO:nextcord.gateway:Shard ID None has sent the RESUME payload.
INFO:nextcord.gateway:Shard ID None session has been invalidated.
INFO:nextcord.client:Got a request to IDENTIFY the websocket.
INFO:root:('Bot ist disconnected von Discord',)
INFO:nextcord.gateway:Shard ID None has sent the IDENTIFY payload.
INFO:nextcord.gateway:Shard ID None has connected to Gateway: ["gateway-prd-main-94mf",{"micros":108932,"calls":["discord-sessions-green-prd-2-28",{"micros":107587,"calls":["start_session",{"micros":67618,"calls":["discord-api-78d69655dd-q2w4q",{"micros":63574,"calls":["get_user",{"micros":18308},"add_authorized_ip",{"micros":2574},"get_guilds",{"micros":14183},"coros_wait",{"micros":1}]}]},"guilds_connect",{"micros":2,"calls":[]},"presence_connect",{"micros":1,"calls":[]}]}]}] (Session ID: f4882146088197dcb79e8ce417952aaf).
INFO:nextcord.state:nextcord.ConnectionState: Registering command with signature ('create_character', 1, None)
INFO:nextcord.state:nextcord.ConnectionState: Registering command with signature ('guild', 1, None)
INFO:nextcord.state:nextcord.ConnectionState: Registering command with signature ('suggsetion', 1, None)
INFO:nextcord.state:nextcord.ConnectionState: Registering command with signature ('take_damage', 1, None)
INFO:nextcord.state:nextcord.ConnectionState: Registering command with signature ('crafting', 1, None)
INFO:root:('Bot has successfully logged in as: OpenRpg#8813', 'Bot ID: 893043103051706378\n')
INFO:nextcord.state:nextcord.ConnectionState: Registering command with signature ('market', 1, None)
ERROR:nextcord.state:Error registering command SlashApplicationCommand market <function Market_Trading.Market at 0x7fa63a99c310>: Cannot connect to host discord.com:443 ssl:default [nodename nor servname provided, or not known]
INFO:nextcord.gateway:Timed out receiving packet. Attempting a reconnect.
INFO:nextcord.client:Got a request to RESUME the websocket.
INFO:root:('Bot ist disconnected von Discord',)
ERROR:nextcord.client:Attempting a reconnect in 1.44s
Traceback (most recent call last):
  File "/Library/Frameworks/Python.framework/Versions/3.9/lib/python3.9/site-packages/aiohttp/connector.py", line 1154, in _create_direct_connection
    hosts = await asyncio.shield(host_resolved)
  File "/Library/Frameworks/Python.framework/Versions/3.9/lib/python3.9/site-packages/aiohttp/connector.py", line 880, in _resolve_host
    addrs = await self._resolver.resolve(host, port, family=self._family)
  File "/Library/Frameworks/Python.framework/Versions/3.9/lib/python3.9/site-packages/aiohttp/resolver.py", line 33, in resolve
    infos = await self._loop.getaddrinfo(
  File "/Library/Frameworks/Python.framework/Versions/3.9/lib/python3.9/asyncio/base_events.py", line 856, in getaddrinfo
    return await self.run_in_executor(
  File "/Library/Frameworks/Python.framework/Versions/3.9/lib/python3.9/concurrent/futures/thread.py", line 52, in run
    result = self.fn(*self.args, **self.kwargs)
  File "/Library/Frameworks/Python.framework/Versions/3.9/lib/python3.9/socket.py", line 953, in getaddrinfo
    for res in _socket.getaddrinfo(host, port, family, type, proto, flags):
socket.gaierror: [Errno 8] nodename nor servname provided, or not known

The above exception was the direct cause of the following exception:

Traceback (most recent call last):
  File "/Library/Frameworks/Python.framework/Versions/3.9/lib/python3.9/site-packages/nextcord/client.py", line 641, in connect
    self.ws = await asyncio.wait_for(coro, timeout=60.0)
  File "/Library/Frameworks/Python.framework/Versions/3.9/lib/python3.9/asyncio/tasks.py", line 481, in wait_for
    return fut.result()
  File "/Library/Frameworks/Python.framework/Versions/3.9/lib/python3.9/site-packages/nextcord/gateway.py", line 355, in from_client
    gateway = gateway or await client.http.get_gateway()
  File "/Library/Frameworks/Python.framework/Versions/3.9/lib/python3.9/site-packages/nextcord/http.py", line 2215, in get_gateway
    data = await self.request(Route("GET", "/gateway"))
  File "/Library/Frameworks/Python.framework/Versions/3.9/lib/python3.9/site-packages/nextcord/http.py", line 295, in request
    async with self.__session.request(method, url, **kwargs) as response:
  File "/Library/Frameworks/Python.framework/Versions/3.9/lib/python3.9/site-packages/aiohttp/client.py", line 1138, in __aenter__
    self._resp = await self._coro
  File "/Library/Frameworks/Python.framework/Versions/3.9/lib/python3.9/site-packages/aiohttp/client.py", line 535, in _request
    conn = await self._connector.connect(
  File "/Library/Frameworks/Python.framework/Versions/3.9/lib/python3.9/site-packages/aiohttp/connector.py", line 542, in connect
    proto = await self._create_connection(req, traces, timeout)
  File "/Library/Frameworks/Python.framework/Versions/3.9/lib/python3.9/site-packages/aiohttp/connector.py", line 907, in _create_connection
    _, proto = await self._create_direct_connection(req, traces, timeout)
  File "/Library/Frameworks/Python.framework/Versions/3.9/lib/python3.9/site-packages/aiohttp/connector.py", line 1166, in _create_direct_connection
    raise ClientConnectorError(req.connection_key, exc) from exc
aiohttp.client_exceptions.ClientConnectorError: Cannot connect to host discord.com:443 ssl:default [nodename nor servname provided, or not known]
INFO:root:('Bot ist disconnected von Discord',)
ERROR:nextcord.client:Attempting a reconnect in 1.65s
Traceback (most recent call last):
  File "/Library/Frameworks/Python.framework/Versions/3.9/lib/python3.9/site-packages/aiohttp/connector.py", line 1154, in _create_direct_connection
    hosts = await asyncio.shield(host_resolved)
  File "/Library/Frameworks/Python.framework/Versions/3.9/lib/python3.9/site-packages/aiohttp/connector.py", line 880, in _resolve_host
    addrs = await self._resolver.resolve(host, port, family=self._family)
  File "/Library/Frameworks/Python.framework/Versions/3.9/lib/python3.9/site-packages/aiohttp/resolver.py", line 33, in resolve
    infos = await self._loop.getaddrinfo(
  File "/Library/Frameworks/Python.framework/Versions/3.9/lib/python3.9/asyncio/base_events.py", line 856, in getaddrinfo
    return await self.run_in_executor(
  File "/Library/Frameworks/Python.framework/Versions/3.9/lib/python3.9/concurrent/futures/thread.py", line 52, in run
    result = self.fn(*self.args, **self.kwargs)
  File "/Library/Frameworks/Python.framework/Versions/3.9/lib/python3.9/socket.py", line 953, in getaddrinfo
    for res in _socket.getaddrinfo(host, port, family, type, proto, flags):
socket.gaierror: [Errno 8] nodename nor servname provided, or not known

The above exception was the direct cause of the following exception:

Traceback (most recent call last):
  File "/Library/Frameworks/Python.framework/Versions/3.9/lib/python3.9/site-packages/nextcord/client.py", line 641, in connect
    self.ws = await asyncio.wait_for(coro, timeout=60.0)
  File "/Library/Frameworks/Python.framework/Versions/3.9/lib/python3.9/asyncio/tasks.py", line 481, in wait_for
    return fut.result()
  File "/Library/Frameworks/Python.framework/Versions/3.9/lib/python3.9/site-packages/nextcord/gateway.py", line 355, in from_client
    gateway = gateway or await client.http.get_gateway()
  File "/Library/Frameworks/Python.framework/Versions/3.9/lib/python3.9/site-packages/nextcord/http.py", line 2215, in get_gateway
    data = await self.request(Route("GET", "/gateway"))
  File "/Library/Frameworks/Python.framework/Versions/3.9/lib/python3.9/site-packages/nextcord/http.py", line 295, in request
    async with self.__session.request(method, url, **kwargs) as response:
  File "/Library/Frameworks/Python.framework/Versions/3.9/lib/python3.9/site-packages/aiohttp/client.py", line 1138, in __aenter__
    self._resp = await self._coro
  File "/Library/Frameworks/Python.framework/Versions/3.9/lib/python3.9/site-packages/aiohttp/client.py", line 535, in _request
    conn = await self._connector.connect(
  File "/Library/Frameworks/Python.framework/Versions/3.9/lib/python3.9/site-packages/aiohttp/connector.py", line 542, in connect
    proto = await self._create_connection(req, traces, timeout)
  File "/Library/Frameworks/Python.framework/Versions/3.9/lib/python3.9/site-packages/aiohttp/connector.py", line 907, in _create_connection
    _, proto = await self._create_direct_connection(req, traces, timeout)
  File "/Library/Frameworks/Python.framework/Versions/3.9/lib/python3.9/site-packages/aiohttp/connector.py", line 1166, in _create_direct_connection
    raise ClientConnectorError(req.connection_key, exc) from exc
aiohttp.client_exceptions.ClientConnectorError: Cannot connect to host discord.com:443 ssl:default [nodename nor servname provided, or not known]
INFO:root:('Bot ist disconnected von Discord',)
ERROR:nextcord.client:Attempting a reconnect in 13.93s
Traceback (most recent call last):
  File "/Library/Frameworks/Python.framework/Versions/3.9/lib/python3.9/site-packages/aiohttp/connector.py", line 1154, in _create_direct_connection
    hosts = await asyncio.shield(host_resolved)
  File "/Library/Frameworks/Python.framework/Versions/3.9/lib/python3.9/site-packages/aiohttp/connector.py", line 880, in _resolve_host
    addrs = await self._resolver.resolve(host, port, family=self._family)
  File "/Library/Frameworks/Python.framework/Versions/3.9/lib/python3.9/site-packages/aiohttp/resolver.py", line 33, in resolve
    infos = await self._loop.getaddrinfo(
  File "/Library/Frameworks/Python.framework/Versions/3.9/lib/python3.9/asyncio/base_events.py", line 856, in getaddrinfo
    return await self.run_in_executor(
  File "/Library/Frameworks/Python.framework/Versions/3.9/lib/python3.9/concurrent/futures/thread.py", line 52, in run
    result = self.fn(*self.args, **self.kwargs)
  File "/Library/Frameworks/Python.framework/Versions/3.9/lib/python3.9/socket.py", line 953, in getaddrinfo
    for res in _socket.getaddrinfo(host, port, family, type, proto, flags):
socket.gaierror: [Errno 8] nodename nor servname provided, or not known

The above exception was the direct cause of the following exception:

Traceback (most recent call last):
  File "/Library/Frameworks/Python.framework/Versions/3.9/lib/python3.9/site-packages/nextcord/client.py", line 641, in connect
    self.ws = await asyncio.wait_for(coro, timeout=60.0)
  File "/Library/Frameworks/Python.framework/Versions/3.9/lib/python3.9/asyncio/tasks.py", line 481, in wait_for
    return fut.result()
  File "/Library/Frameworks/Python.framework/Versions/3.9/lib/python3.9/site-packages/nextcord/gateway.py", line 355, in from_client
    gateway = gateway or await client.http.get_gateway()
  File "/Library/Frameworks/Python.framework/Versions/3.9/lib/python3.9/site-packages/nextcord/http.py", line 2215, in get_gateway
    data = await self.request(Route("GET", "/gateway"))
  File "/Library/Frameworks/Python.framework/Versions/3.9/lib/python3.9/site-packages/nextcord/http.py", line 295, in request
    async with self.__session.request(method, url, **kwargs) as response:
  File "/Library/Frameworks/Python.framework/Versions/3.9/lib/python3.9/site-packages/aiohttp/client.py", line 1138, in __aenter__
    self._resp = await self._coro
  File "/Library/Frameworks/Python.framework/Versions/3.9/lib/python3.9/site-packages/aiohttp/client.py", line 535, in _request
    conn = await self._connector.connect(
  File "/Library/Frameworks/Python.framework/Versions/3.9/lib/python3.9/site-packages/aiohttp/connector.py", line 542, in connect
    proto = await self._create_connection(req, traces, timeout)
  File "/Library/Frameworks/Python.framework/Versions/3.9/lib/python3.9/site-packages/aiohttp/connector.py", line 907, in _create_connection
    _, proto = await self._create_direct_connection(req, traces, timeout)
  File "/Library/Frameworks/Python.framework/Versions/3.9/lib/python3.9/site-packages/aiohttp/connector.py", line 1166, in _create_direct_connection
    raise ClientConnectorError(req.connection_key, exc) from exc
aiohttp.client_exceptions.ClientConnectorError: Cannot connect to host discord.com:443 ssl:default [nodename nor servname provided, or not known]
INFO:root:('Bot ist disconnected von Discord',)
ERROR:nextcord.client:Attempting a reconnect in 10.48s
Traceback (most recent call last):
  File "/Library/Frameworks/Python.framework/Versions/3.9/lib/python3.9/site-packages/aiohttp/connector.py", line 1154, in _create_direct_connection
    hosts = await asyncio.shield(host_resolved)
  File "/Library/Frameworks/Python.framework/Versions/3.9/lib/python3.9/site-packages/aiohttp/connector.py", line 880, in _resolve_host
    addrs = await self._resolver.resolve(host, port, family=self._family)
  File "/Library/Frameworks/Python.framework/Versions/3.9/lib/python3.9/site-packages/aiohttp/resolver.py", line 33, in resolve
    infos = await self._loop.getaddrinfo(
  File "/Library/Frameworks/Python.framework/Versions/3.9/lib/python3.9/asyncio/base_events.py", line 856, in getaddrinfo
    return await self.run_in_executor(
  File "/Library/Frameworks/Python.framework/Versions/3.9/lib/python3.9/concurrent/futures/thread.py", line 52, in run
    result = self.fn(*self.args, **self.kwargs)
  File "/Library/Frameworks/Python.framework/Versions/3.9/lib/python3.9/socket.py", line 953, in getaddrinfo
    for res in _socket.getaddrinfo(host, port, family, type, proto, flags):
socket.gaierror: [Errno 8] nodename nor servname provided, or not known

The above exception was the direct cause of the following exception:

Traceback (most recent call last):
  File "/Library/Frameworks/Python.framework/Versions/3.9/lib/python3.9/site-packages/nextcord/client.py", line 641, in connect
    self.ws = await asyncio.wait_for(coro, timeout=60.0)
  File "/Library/Frameworks/Python.framework/Versions/3.9/lib/python3.9/asyncio/tasks.py", line 481, in wait_for
    return fut.result()
  File "/Library/Frameworks/Python.framework/Versions/3.9/lib/python3.9/site-packages/nextcord/gateway.py", line 355, in from_client
    gateway = gateway or await client.http.get_gateway()
  File "/Library/Frameworks/Python.framework/Versions/3.9/lib/python3.9/site-packages/nextcord/http.py", line 2215, in get_gateway
    data = await self.request(Route("GET", "/gateway"))
  File "/Library/Frameworks/Python.framework/Versions/3.9/lib/python3.9/site-packages/nextcord/http.py", line 295, in request
    async with self.__session.request(method, url, **kwargs) as response:
  File "/Library/Frameworks/Python.framework/Versions/3.9/lib/python3.9/site-packages/aiohttp/client.py", line 1138, in __aenter__
    self._resp = await self._coro
  File "/Library/Frameworks/Python.framework/Versions/3.9/lib/python3.9/site-packages/aiohttp/client.py", line 535, in _request
    conn = await self._connector.connect(
  File "/Library/Frameworks/Python.framework/Versions/3.9/lib/python3.9/site-packages/aiohttp/connector.py", line 542, in connect
    proto = await self._create_connection(req, traces, timeout)
  File "/Library/Frameworks/Python.framework/Versions/3.9/lib/python3.9/site-packages/aiohttp/connector.py", line 907, in _create_connection
    _, proto = await self._create_direct_connection(req, traces, timeout)
  File "/Library/Frameworks/Python.framework/Versions/3.9/lib/python3.9/site-packages/aiohttp/connector.py", line 1166, in _create_direct_connection
    raise ClientConnectorError(req.connection_key, exc) from exc
aiohttp.client_exceptions.ClientConnectorError: Cannot connect to host discord.com:443 ssl:default [nodename nor servname provided, or not known]
INFO:root:('Bot ist disconnected von Discord',)
ERROR:nextcord.client:Attempting a reconnect in 23.26s
Traceback (most recent call last):
  File "/Library/Frameworks/Python.framework/Versions/3.9/lib/python3.9/site-packages/aiohttp/connector.py", line 1154, in _create_direct_connection
    hosts = await asyncio.shield(host_resolved)
  File "/Library/Frameworks/Python.framework/Versions/3.9/lib/python3.9/site-packages/aiohttp/connector.py", line 880, in _resolve_host
    addrs = await self._resolver.resolve(host, port, family=self._family)
  File "/Library/Frameworks/Python.framework/Versions/3.9/lib/python3.9/site-packages/aiohttp/resolver.py", line 33, in resolve
    infos = await self._loop.getaddrinfo(
  File "/Library/Frameworks/Python.framework/Versions/3.9/lib/python3.9/asyncio/base_events.py", line 856, in getaddrinfo
    return await self.run_in_executor(
  File "/Library/Frameworks/Python.framework/Versions/3.9/lib/python3.9/concurrent/futures/thread.py", line 52, in run
    result = self.fn(*self.args, **self.kwargs)
  File "/Library/Frameworks/Python.framework/Versions/3.9/lib/python3.9/socket.py", line 953, in getaddrinfo
    for res in _socket.getaddrinfo(host, port, family, type, proto, flags):
socket.gaierror: [Errno 8] nodename nor servname provided, or not known

The above exception was the direct cause of the following exception:

Traceback (most recent call last):
  File "/Library/Frameworks/Python.framework/Versions/3.9/lib/python3.9/site-packages/nextcord/client.py", line 641, in connect
    self.ws = await asyncio.wait_for(coro, timeout=60.0)
  File "/Library/Frameworks/Python.framework/Versions/3.9/lib/python3.9/asyncio/tasks.py", line 481, in wait_for
    return fut.result()
  File "/Library/Frameworks/Python.framework/Versions/3.9/lib/python3.9/site-packages/nextcord/gateway.py", line 355, in from_client
    gateway = gateway or await client.http.get_gateway()
  File "/Library/Frameworks/Python.framework/Versions/3.9/lib/python3.9/site-packages/nextcord/http.py", line 2215, in get_gateway
    data = await self.request(Route("GET", "/gateway"))
  File "/Library/Frameworks/Python.framework/Versions/3.9/lib/python3.9/site-packages/nextcord/http.py", line 295, in request
    async with self.__session.request(method, url, **kwargs) as response:
  File "/Library/Frameworks/Python.framework/Versions/3.9/lib/python3.9/site-packages/aiohttp/client.py", line 1138, in __aenter__
    self._resp = await self._coro
  File "/Library/Frameworks/Python.framework/Versions/3.9/lib/python3.9/site-packages/aiohttp/client.py", line 535, in _request
    conn = await self._connector.connect(
  File "/Library/Frameworks/Python.framework/Versions/3.9/lib/python3.9/site-packages/aiohttp/connector.py", line 542, in connect
    proto = await self._create_connection(req, traces, timeout)
  File "/Library/Frameworks/Python.framework/Versions/3.9/lib/python3.9/site-packages/aiohttp/connector.py", line 907, in _create_connection
    _, proto = await self._create_direct_connection(req, traces, timeout)
  File "/Library/Frameworks/Python.framework/Versions/3.9/lib/python3.9/site-packages/aiohttp/connector.py", line 1166, in _create_direct_connection
    raise ClientConnectorError(req.connection_key, exc) from exc
aiohttp.client_exceptions.ClientConnectorError: Cannot connect to host discord.com:443 ssl:default [nodename nor servname provided, or not known]
INFO:root:('Bot ist disconnected von Discord',)
ERROR:nextcord.client:Attempting a reconnect in 57.78s
Traceback (most recent call last):
  File "/Library/Frameworks/Python.framework/Versions/3.9/lib/python3.9/site-packages/aiohttp/connector.py", line 1154, in _create_direct_connection
    hosts = await asyncio.shield(host_resolved)
  File "/Library/Frameworks/Python.framework/Versions/3.9/lib/python3.9/site-packages/aiohttp/connector.py", line 880, in _resolve_host
    addrs = await self._resolver.resolve(host, port, family=self._family)
  File "/Library/Frameworks/Python.framework/Versions/3.9/lib/python3.9/site-packages/aiohttp/resolver.py", line 33, in resolve
    infos = await self._loop.getaddrinfo(
  File "/Library/Frameworks/Python.framework/Versions/3.9/lib/python3.9/asyncio/base_events.py", line 856, in getaddrinfo
    return await self.run_in_executor(
  File "/Library/Frameworks/Python.framework/Versions/3.9/lib/python3.9/concurrent/futures/thread.py", line 52, in run
    result = self.fn(*self.args, **self.kwargs)
  File "/Library/Frameworks/Python.framework/Versions/3.9/lib/python3.9/socket.py", line 953, in getaddrinfo
    for res in _socket.getaddrinfo(host, port, family, type, proto, flags):
socket.gaierror: [Errno 8] nodename nor servname provided, or not known

The above exception was the direct cause of the following exception:

Traceback (most recent call last):
  File "/Library/Frameworks/Python.framework/Versions/3.9/lib/python3.9/site-packages/nextcord/client.py", line 641, in connect
    self.ws = await asyncio.wait_for(coro, timeout=60.0)
  File "/Library/Frameworks/Python.framework/Versions/3.9/lib/python3.9/asyncio/tasks.py", line 481, in wait_for
    return fut.result()
  File "/Library/Frameworks/Python.framework/Versions/3.9/lib/python3.9/site-packages/nextcord/gateway.py", line 355, in from_client
    gateway = gateway or await client.http.get_gateway()
  File "/Library/Frameworks/Python.framework/Versions/3.9/lib/python3.9/site-packages/nextcord/http.py", line 2215, in get_gateway
    data = await self.request(Route("GET", "/gateway"))
  File "/Library/Frameworks/Python.framework/Versions/3.9/lib/python3.9/site-packages/nextcord/http.py", line 295, in request
    async with self.__session.request(method, url, **kwargs) as response:
  File "/Library/Frameworks/Python.framework/Versions/3.9/lib/python3.9/site-packages/aiohttp/client.py", line 1138, in __aenter__
    self._resp = await self._coro
  File "/Library/Frameworks/Python.framework/Versions/3.9/lib/python3.9/site-packages/aiohttp/client.py", line 535, in _request
    conn = await self._connector.connect(
  File "/Library/Frameworks/Python.framework/Versions/3.9/lib/python3.9/site-packages/aiohttp/connector.py", line 542, in connect
    proto = await self._create_connection(req, traces, timeout)
  File "/Library/Frameworks/Python.framework/Versions/3.9/lib/python3.9/site-packages/aiohttp/connector.py", line 907, in _create_connection
    _, proto = await self._create_direct_connection(req, traces, timeout)
  File "/Library/Frameworks/Python.framework/Versions/3.9/lib/python3.9/site-packages/aiohttp/connector.py", line 1166, in _create_direct_connection
    raise ClientConnectorError(req.connection_key, exc) from exc
aiohttp.client_exceptions.ClientConnectorError: Cannot connect to host discord.com:443 ssl:default [nodename nor servname provided, or not known]
INFO:root:('Bot ist disconnected von Discord',)
INFO:nextcord.gateway:Shard ID None has sent the RESUME payload.
INFO:nextcord.gateway:Shard ID None session has been invalidated.
INFO:nextcord.client:Got a request to IDENTIFY the websocket.
INFO:root:('Bot ist disconnected von Discord',)
INFO:nextcord.gateway:Shard ID None has sent the IDENTIFY payload.
INFO:nextcord.gateway:Shard ID None has connected to Gateway: ["gateway-prd-main-07nn",{"micros":84191,"calls":["discord-sessions-green-prd-2-2",{"micros":83493,"calls":["start_session",{"micros":39626,"calls":["discord-api-d574c8474-r4c6d",{"micros":36136,"calls":["get_user",{"micros":7896},"add_authorized_ip",{"micros":1398},"get_guilds",{"micros":7508},"coros_wait",{"micros":1}]}]},"guilds_connect",{"micros":2,"calls":[]},"presence_connect",{"micros":5087,"calls":[]}]}]}] (Session ID: ac0c33beefa7f0372e807786866dd112).
INFO:nextcord.state:nextcord.ConnectionState: Registering command with signature ('create_character', 1, None)
INFO:nextcord.state:nextcord.ConnectionState: Registering command with signature ('guild', 1, None)
INFO:nextcord.state:nextcord.ConnectionState: Registering command with signature ('suggsetion', 1, None)
INFO:nextcord.state:nextcord.ConnectionState: Registering command with signature ('take_damage', 1, None)
INFO:nextcord.state:nextcord.ConnectionState: Registering command with signature ('crafting', 1, None)
INFO:nextcord.state:nextcord.ConnectionState: Registering command with signature ('market', 1, None)
INFO:root:('Bot has successfully logged in as: OpenRpg#8813', 'Bot ID: 893043103051706378\n')
INFO:nextcord.state:nextcord.ConnectionState: Registering command with signature ('player', 1, None)
INFO:nextcord.state:nextcord.ConnectionState: Registering command with signature ('fight', 1, None)
INFO:nextcord.gateway:Websocket closed with WSCloseCode.ABNORMAL_CLOSURE, attempting a reconnect.
INFO:nextcord.client:Got a request to RESUME the websocket.
INFO:root:('Bot ist disconnected von Discord',)
INFO:nextcord.gateway:Shard ID None has sent the RESUME payload.
INFO:nextcord.gateway:Shard ID None session has been invalidated.
INFO:nextcord.client:Got a request to IDENTIFY the websocket.
INFO:root:('Bot ist disconnected von Discord',)
INFO:nextcord.gateway:Shard ID None has sent the IDENTIFY payload.
INFO:nextcord.gateway:Shard ID None has connected to Gateway: ["gateway-prd-main-022n",{"micros":101030,"calls":["discord-sessions-green-prd-2-114",{"micros":99535,"calls":["start_session",{"micros":89068,"calls":["discord-api-55b85d9f46-284r5",{"micros":80702,"calls":["get_user",{"micros":17936},"add_authorized_ip",{"micros":6904},"get_guilds",{"micros":11161},"coros_wait",{"micros":2}]}]},"guilds_connect",{"micros":1,"calls":[]},"presence_connect",{"micros":2,"calls":[]}]}]}] (Session ID: 30bb57968135e47e601fc4e3abe3682d).
INFO:nextcord.state:nextcord.ConnectionState: Registering command with signature ('create_character', 1, None)
INFO:nextcord.state:nextcord.ConnectionState: Registering command with signature ('guild', 1, None)
INFO:root:('Bot has successfully logged in as: OpenRpg#8813', 'Bot ID: 893043103051706378\n')
INFO:nextcord.state:nextcord.ConnectionState: Registering command with signature ('suggsetion', 1, None)
INFO:nextcord.state:nextcord.ConnectionState: Registering command with signature ('take_damage', 1, None)
INFO:nextcord.state:nextcord.ConnectionState: Registering command with signature ('crafting', 1, None)
INFO:nextcord.state:nextcord.ConnectionState: Registering command with signature ('market', 1, None)
INFO:nextcord.state:nextcord.ConnectionState: Registering command with signature ('player', 1, None)
INFO:nextcord.state:nextcord.ConnectionState: Registering command with signature ('fight', 1, None)
ERROR:nextcord.state:Error registering command SlashApplicationCommand fight <function Fight_Cog.fight at 0x7fa63a73bb80>: [Errno 50] Network is down
INFO:nextcord.gateway:Timed out receiving packet. Attempting a reconnect.
INFO:nextcord.client:Got a request to RESUME the websocket.
INFO:root:('Bot ist disconnected von Discord',)
INFO:nextcord.gateway:Shard ID None has sent the RESUME payload.
INFO:nextcord.gateway:Shard ID None session has been invalidated.
INFO:nextcord.client:Got a request to IDENTIFY the websocket.
INFO:root:('Bot ist disconnected von Discord',)
INFO:nextcord.gateway:Shard ID None has sent the IDENTIFY payload.
INFO:nextcord.gateway:Shard ID None has connected to Gateway: ["gateway-prd-main-qls6",{"micros":63768,"calls":["discord-sessions-green-prd-2-10",{"micros":62122,"calls":["start_session",{"micros":57659,"calls":["discord-api-55b85d9f46-wl4gb",{"micros":53002,"calls":["get_user",{"micros":9465},"add_authorized_ip",{"micros":2796},"get_guilds",{"micros":5128},"coros_wait",{"micros":2}]}]},"guilds_connect",{"micros":2,"calls":[]},"presence_connect",{"micros":3649,"calls":[]}]}]}] (Session ID: d6fc171ab62844081ee587bdffff4547).
INFO:nextcord.state:nextcord.ConnectionState: Registering command with signature ('create_character', 1, None)
INFO:nextcord.state:nextcord.ConnectionState: Registering command with signature ('guild', 1, None)
INFO:nextcord.state:nextcord.ConnectionState: Registering command with signature ('suggsetion', 1, None)
INFO:nextcord.state:nextcord.ConnectionState: Registering command with signature ('take_damage', 1, None)
INFO:root:('Bot has successfully logged in as: OpenRpg#8813', 'Bot ID: 893043103051706378\n')
INFO:nextcord.state:nextcord.ConnectionState: Registering command with signature ('crafting', 1, None)
INFO:nextcord.state:nextcord.ConnectionState: Registering command with signature ('market', 1, None)
INFO:nextcord.state:nextcord.ConnectionState: Registering command with signature ('player', 1, None)
INFO:nextcord.state:nextcord.ConnectionState: Registering command with signature ('fight', 1, None)
INFO:nextcord.gateway:Websocket closed with WSCloseCode.ABNORMAL_CLOSURE, attempting a reconnect.
INFO:nextcord.client:Got a request to RESUME the websocket.
INFO:root:('Bot ist disconnected von Discord',)
INFO:nextcord.gateway:Shard ID None has sent the RESUME payload.
INFO:nextcord.gateway:Shard ID None session has been invalidated.
INFO:nextcord.client:Got a request to IDENTIFY the websocket.
INFO:root:('Bot ist disconnected von Discord',)
INFO:nextcord.gateway:Shard ID None has sent the IDENTIFY payload.
INFO:nextcord.gateway:Shard ID None has connected to Gateway: ["gateway-prd-main-417f",{"micros":116363,"calls":["discord-sessions-green-prd-2-21",{"micros":115483,"calls":["start_session",{"micros":40621,"calls":["discord-api-55b85d9f46-jbnbl",{"micros":36373,"calls":["get_user",{"micros":6763},"add_authorized_ip",{"micros":1625},"get_guilds",{"micros":5353},"coros_wait",{"micros":1}]}]},"guilds_connect",{"micros":2,"calls":[]},"presence_connect",{"micros":36057,"calls":[]}]}]}] (Session ID: 1bf523e6698729c4da157a3aff0c87b7).
INFO:nextcord.state:nextcord.ConnectionState: Registering command with signature ('create_character', 1, None)
INFO:root:('Bot has successfully logged in as: OpenRpg#8813', 'Bot ID: 893043103051706378\n')
INFO:nextcord.state:nextcord.ConnectionState: Registering command with signature ('guild', 1, None)
INFO:nextcord.gateway:Timed out receiving packet. Attempting a reconnect.
INFO:nextcord.client:Got a request to RESUME the websocket.
INFO:root:('Bot ist disconnected von Discord',)
ERROR:nextcord.state:Error registering command SlashApplicationCommand guild <function Guild_Cog.guild at 0x7fa63a746e50>: [Errno 65] No route to host
ERROR:nextcord.client:Attempting a reconnect in 162.86s
Traceback (most recent call last):
  File "/Library/Frameworks/Python.framework/Versions/3.9/lib/python3.9/site-packages/aiohttp/connector.py", line 1154, in _create_direct_connection
    hosts = await asyncio.shield(host_resolved)
  File "/Library/Frameworks/Python.framework/Versions/3.9/lib/python3.9/site-packages/aiohttp/connector.py", line 880, in _resolve_host
    addrs = await self._resolver.resolve(host, port, family=self._family)
  File "/Library/Frameworks/Python.framework/Versions/3.9/lib/python3.9/site-packages/aiohttp/resolver.py", line 33, in resolve
    infos = await self._loop.getaddrinfo(
  File "/Library/Frameworks/Python.framework/Versions/3.9/lib/python3.9/asyncio/base_events.py", line 856, in getaddrinfo
    return await self.run_in_executor(
  File "/Library/Frameworks/Python.framework/Versions/3.9/lib/python3.9/concurrent/futures/thread.py", line 52, in run
    result = self.fn(*self.args, **self.kwargs)
  File "/Library/Frameworks/Python.framework/Versions/3.9/lib/python3.9/socket.py", line 953, in getaddrinfo
    for res in _socket.getaddrinfo(host, port, family, type, proto, flags):
socket.gaierror: [Errno 8] nodename nor servname provided, or not known

The above exception was the direct cause of the following exception:

Traceback (most recent call last):
  File "/Library/Frameworks/Python.framework/Versions/3.9/lib/python3.9/site-packages/nextcord/client.py", line 641, in connect
    self.ws = await asyncio.wait_for(coro, timeout=60.0)
  File "/Library/Frameworks/Python.framework/Versions/3.9/lib/python3.9/asyncio/tasks.py", line 481, in wait_for
    return fut.result()
  File "/Library/Frameworks/Python.framework/Versions/3.9/lib/python3.9/site-packages/nextcord/gateway.py", line 355, in from_client
    gateway = gateway or await client.http.get_gateway()
  File "/Library/Frameworks/Python.framework/Versions/3.9/lib/python3.9/site-packages/nextcord/http.py", line 2215, in get_gateway
    data = await self.request(Route("GET", "/gateway"))
  File "/Library/Frameworks/Python.framework/Versions/3.9/lib/python3.9/site-packages/nextcord/http.py", line 295, in request
    async with self.__session.request(method, url, **kwargs) as response:
  File "/Library/Frameworks/Python.framework/Versions/3.9/lib/python3.9/site-packages/aiohttp/client.py", line 1138, in __aenter__
    self._resp = await self._coro
  File "/Library/Frameworks/Python.framework/Versions/3.9/lib/python3.9/site-packages/aiohttp/client.py", line 535, in _request
    conn = await self._connector.connect(
  File "/Library/Frameworks/Python.framework/Versions/3.9/lib/python3.9/site-packages/aiohttp/connector.py", line 542, in connect
    proto = await self._create_connection(req, traces, timeout)
  File "/Library/Frameworks/Python.framework/Versions/3.9/lib/python3.9/site-packages/aiohttp/connector.py", line 907, in _create_connection
    _, proto = await self._create_direct_connection(req, traces, timeout)
  File "/Library/Frameworks/Python.framework/Versions/3.9/lib/python3.9/site-packages/aiohttp/connector.py", line 1166, in _create_direct_connection
    raise ClientConnectorError(req.connection_key, exc) from exc
aiohttp.client_exceptions.ClientConnectorError: Cannot connect to host discord.com:443 ssl:default [nodename nor servname provided, or not known]
INFO:root:('Bot ist disconnected von Discord',)
INFO:nextcord.gateway:Shard ID None has sent the RESUME payload.
INFO:nextcord.gateway:Shard ID None session has been invalidated.
INFO:nextcord.client:Got a request to IDENTIFY the websocket.
INFO:root:('Bot ist disconnected von Discord',)
INFO:nextcord.gateway:Shard ID None has sent the IDENTIFY payload.
INFO:nextcord.gateway:Shard ID None has connected to Gateway: ["gateway-prd-main-zsdk",{"micros":62568,"calls":["discord-sessions-green-prd-2-27",{"micros":60909,"calls":["start_session",{"micros":48364,"calls":["discord-api-bd8d6df7d-g2dbd",{"micros":44235,"calls":["get_user",{"micros":8883},"add_authorized_ip",{"micros":2266},"get_guilds",{"micros":5635},"coros_wait",{"micros":1}]}]},"guilds_connect",{"micros":2,"calls":[]},"presence_connect",{"micros":11520,"calls":[]}]}]}] (Session ID: f973d01e7ec9a914a1072ad9ba41dff8).
INFO:nextcord.state:nextcord.ConnectionState: Registering command with signature ('create_character', 1, None)
INFO:nextcord.state:nextcord.ConnectionState: Registering command with signature ('guild', 1, None)
INFO:nextcord.state:nextcord.ConnectionState: Registering command with signature ('suggsetion', 1, None)
INFO:nextcord.state:nextcord.ConnectionState: Registering command with signature ('take_damage', 1, None)
INFO:nextcord.state:nextcord.ConnectionState: Registering command with signature ('crafting', 1, None)
INFO:nextcord.state:nextcord.ConnectionState: Registering command with signature ('market', 1, None)
INFO:root:('Bot has successfully logged in as: OpenRpg#8813', 'Bot ID: 893043103051706378\n')
INFO:nextcord.state:nextcord.ConnectionState: Registering command with signature ('player', 1, None)
INFO:nextcord.state:nextcord.ConnectionState: Registering command with signature ('fight', 1, None)
INFO:root:('Ein Spieler Retro#5636 wurde gespeichert',)
INFO:nextcord.client:Cleaning up tasks.
INFO:nextcord.client:Cleaning up after 2 tasks.
INFO:nextcord.client:All tasks finished cancelling.
INFO:nextcord.client:Closing the event loop.
INFO:nextcord.client:logging in using static token
INFO:nextcord.gateway:Shard ID None has sent the IDENTIFY payload.
INFO:nextcord.gateway:Shard ID None has connected to Gateway: ["gateway-prd-main-qfv0",{"micros":191508,"calls":["discord-sessions-green-prd-2-109",{"micros":188023,"calls":["start_session",{"micros":137476,"calls":["discord-api-bd8d6df7d-q26rc",{"micros":129963,"calls":["get_user",{"micros":10436},"add_authorized_ip",{"micros":20207},"get_guilds",{"micros":16568},"coros_wait",{"micros":2}]}]},"guilds_connect",{"micros":1,"calls":[]},"presence_connect",{"micros":16164,"calls":[]}]}]}] (Session ID: c72475c22685d9b0ad13f74879065dcd).
INFO:nextcord.state:nextcord.ConnectionState: Registering command with signature ('create_character', 1, None)
INFO:nextcord.state:nextcord.ConnectionState: Registering command with signature ('guild', 1, None)
INFO:nextcord.state:nextcord.ConnectionState: Registering command with signature ('suggsetion', 1, None)
INFO:nextcord.state:nextcord.ConnectionState: Registering command with signature ('take_damage', 1, None)
INFO:nextcord.state:nextcord.ConnectionState: Registering command with signature ('crafting', 1, None)
INFO:nextcord.state:nextcord.ConnectionState: Registering command with signature ('market', 1, None)
INFO:root:('Bot has successfully logged in as: OpenRpg#8813', 'Bot ID: 893043103051706378\n')
INFO:nextcord.state:nextcord.ConnectionState: Registering command with signature ('player', 1, None)
INFO:nextcord.state:nextcord.ConnectionState: Registering command with signature ('fight', 1, None)
INFO:nextcord.state:nextcord.ConnectionState: Registering command with signature ('trade', 1, None)
INFO:nextcord.client:Cleaning up tasks.
INFO:nextcord.client:Cleaning up after 2 tasks.
INFO:nextcord.client:All tasks finished cancelling.
INFO:nextcord.client:Closing the event loop.
INFO:nextcord.client:logging in using static token
INFO:nextcord.gateway:Shard ID None has sent the IDENTIFY payload.
INFO:nextcord.gateway:Shard ID None has connected to Gateway: ["gateway-prd-main-hdvj",{"micros":66713,"calls":["discord-sessions-green-prd-2-101",{"micros":63151,"calls":["start_session",{"micros":50665,"calls":["discord-api-bd8d6df7d-p8zrv",{"micros":46939,"calls":["get_user",{"micros":10396},"add_authorized_ip",{"micros":2283},"get_guilds",{"micros":7790},"coros_wait",{"micros":1}]}]},"guilds_connect",{"micros":2,"calls":[]},"presence_connect",{"micros":1,"calls":[]}]}]}] (Session ID: 72aaa12b3d7812c0961589496dfceb4c).
INFO:nextcord.state:nextcord.ConnectionState: Registering command with signature ('create_character', 1, None)
INFO:nextcord.state:nextcord.ConnectionState: Registering command with signature ('guild', 1, None)
INFO:nextcord.state:nextcord.ConnectionState: Registering command with signature ('suggsetion', 1, None)
INFO:nextcord.state:nextcord.ConnectionState: Registering command with signature ('take_damage', 1, None)
INFO:nextcord.state:nextcord.ConnectionState: Registering command with signature ('crafting', 1, None)
INFO:nextcord.state:nextcord.ConnectionState: Registering command with signature ('market', 1, None)
INFO:root:('Bot has successfully logged in as: OpenRpg#8813', 'Bot ID: 893043103051706378\n')
INFO:nextcord.state:nextcord.ConnectionState: Registering command with signature ('player', 1, None)
INFO:nextcord.state:nextcord.ConnectionState: Registering command with signature ('fight', 1, None)
INFO:nextcord.state:nextcord.ConnectionState: Registering command with signature ('trade', 1, None)
INFO:root:('Ein Spieler Retro#5636 wurde gespeichert',)
INFO:nextcord.client:logging in using static token
INFO:nextcord.gateway:Shard ID None has sent the IDENTIFY payload.
INFO:nextcord.gateway:Shard ID None has connected to Gateway: ["gateway-prd-main-fgk6",{"micros":88996,"calls":["id_created",{"micros":718,"calls":[]},"session_lookup_time",{"micros":472,"calls":[]},"session_lookup_finished",{"micros":11,"calls":[]},"discord-sessions-blue-prd-2-129",{"micros":86449,"calls":["start_session",{"micros":38367,"calls":["discord-api-6d5b75d7-d9vw8",{"micros":33474,"calls":["get_user",{"micros":9782},"get_guilds",{"micros":4270},"send_scheduled_deletion_message",{"micros":10},"guild_join_requests",{"micros":1},"authorized_ip_coro",{"micros":9}]}]},"starting_guild_connect",{"micros":30,"calls":[]},"presence_started",{"micros":22612,"calls":[]},"guilds_started",{"micros":718,"calls":[]},"guilds_connect",{"micros":2,"calls":[]},"presence_connect",{"micros":24684,"calls":[]},"connect_finished",{"micros":24690,"calls":[]},"build_ready",{"micros":28,"calls":[]},"optimize_ready",{"micros":1,"calls":[]},"split_ready",{"micros":1,"calls":[]},"clean_ready",{"micros":0,"calls":[]}]}]}] (Session ID: 75f699d723c3baea19f70102472cbacf).
INFO:nextcord.state:nextcord.ConnectionState: Registering command with signature ('create_character', 1, None)
INFO:root:('Bot has successfully logged in as: OpenRpg#8813', 'Bot ID: 893043103051706378\n')
INFO:nextcord.state:nextcord.ConnectionState: Registering command with signature ('guild', 1, None)
INFO:nextcord.state:nextcord.ConnectionState: Registering command with signature ('suggsetion', 1, None)
INFO:nextcord.state:nextcord.ConnectionState: Registering command with signature ('take_damage', 1, None)
INFO:nextcord.state:nextcord.ConnectionState: Registering command with signature ('crafting', 1, None)
INFO:nextcord.state:nextcord.ConnectionState: Registering command with signature ('market', 1, None)
INFO:nextcord.state:nextcord.ConnectionState: Registering command with signature ('player', 1, None)
INFO:nextcord.state:nextcord.ConnectionState: Registering command with signature ('fight', 1, None)
INFO:nextcord.state:nextcord.ConnectionState: Registering command with signature ('trade', 1, None)
INFO:nextcord.client:Cleaning up tasks.
INFO:nextcord.client:Cleaning up after 2 tasks.
INFO:nextcord.client:All tasks finished cancelling.
INFO:nextcord.client:Closing the event loop.
INFO:nextcord.client:logging in using static token
INFO:nextcord.client:Cleaning up tasks.
INFO:nextcord.client:Closing the event loop.
INFO:nextcord.client:logging in using static token
INFO:nextcord.gateway:Shard ID None has sent the IDENTIFY payload.
INFO:nextcord.gateway:Shard ID None has connected to Gateway: ["gateway-prd-main-1b8x",{"micros":328043,"calls":["id_created",{"micros":991,"calls":[]},"session_lookup_time",{"micros":343,"calls":[]},"session_lookup_finished",{"micros":12,"calls":[]},"discord-sessions-blue-prd-2-91",{"micros":326100,"calls":["start_session",{"micros":276671,"calls":["discord-api-d99f788d6-lhz7n",{"micros":252660,"calls":["get_user",{"micros":55788},"get_guilds",{"micros":70652},"send_scheduled_deletion_message",{"micros":10},"guild_join_requests",{"micros":2},"authorized_ip_coro",{"micros":13}]}]},"starting_guild_connect",{"micros":33,"calls":[]},"presence_started",{"micros":3774,"calls":[]},"guilds_started",{"micros":45584,"calls":[]},"guilds_connect",{"micros":1,"calls":[]},"presence_connect",{"micros":1,"calls":[]},"connect_finished",{"micros":6,"calls":[]},"build_ready",{"micros":28,"calls":[]},"optimize_ready",{"micros":0,"calls":[]},"split_ready",{"micros":1,"calls":[]},"clean_ready",{"micros":0,"calls":[]}]}]}] (Session ID: 656e235c5ec75b040929d7607bcdb681).
INFO:nextcord.state:nextcord.ConnectionState: Registering command with signature ('create_character', 1, None)
INFO:nextcord.state:nextcord.ConnectionState: Registering command with signature ('guild', 1, None)
INFO:nextcord.state:nextcord.ConnectionState: Registering command with signature ('suggsetion', 1, None)
INFO:nextcord.state:nextcord.ConnectionState: Registering command with signature ('take_damage', 1, None)
INFO:nextcord.state:nextcord.ConnectionState: Registering command with signature ('crafting', 1, None)
INFO:root:('Bot has successfully logged in as: OpenRpg#8813', 'Bot ID: 893043103051706378\n')
INFO:nextcord.state:nextcord.ConnectionState: Registering command with signature ('market', 1, None)
INFO:nextcord.state:nextcord.ConnectionState: Registering command with signature ('player', 1, None)
INFO:nextcord.state:nextcord.ConnectionState: Registering command with signature ('fight', 1, None)
INFO:nextcord.state:nextcord.ConnectionState: Registering command with signature ('trade', 1, None)
INFO:root:('Ein Spieler Retro#5636 wurde gespeichert',)
INFO:root:('Ein Spieler Retro#5636 wurde gespeichert',)
INFO:root:('Ein Spieler Retro#5636 wurde gespeichert',)
INFO:root:('Ein Spieler Retro#5636 wurde gespeichert',)
INFO:root:('Ein Spieler Retro#5636 wurde gespeichert',)
INFO:root:('Ein Spieler Retro#5636 wurde gespeichert',)
INFO:nextcord.gateway:Websocket closed with 1000, cannot reconnect.
ERROR:nextcord.client:Attempting a reconnect in 1.12s
Traceback (most recent call last):
  File "/Library/Frameworks/Python.framework/Versions/3.9/lib/python3.9/site-packages/nextcord/client.py", line 644, in connect
    await self.ws.poll_event()
  File "/Library/Frameworks/Python.framework/Versions/3.9/lib/python3.9/site-packages/nextcord/gateway.py", line 641, in poll_event
    raise ConnectionClosed(self.socket, shard_id=self.shard_id, code=code) from None
nextcord.errors.ConnectionClosed: Shard ID None WebSocket closed with 1000
INFO:root:('Bot ist disconnected von Discord',)
INFO:nextcord.gateway:Shard ID None has sent the RESUME payload.
INFO:nextcord.gateway:Shard ID None has successfully RESUMED session 656e235c5ec75b040929d7607bcdb681 under trace ["gateway-prd-main-68hw",{"micros":828,"calls":["id_created",{"micros":0,"calls":[]},"session_lookup_time",{"micros":357,"calls":[]},"session_lookup_finished",{"micros":27,"calls":[]},"discord-sessions-blue-prd-2-91",{"micros":22}]}].
INFO:root:('Ein Spieler Retro#5636 wurde gespeichert',)
INFO:root:('Ein Spieler Retro#5636 wurde gespeichert',)
INFO:root:('Ein Spieler Retro#5636 wurde gespeichert',)
INFO:root:('Ein Spieler Retro#5636 wurde gespeichert',)
INFO:root:('Ein Spieler Retro#5636 wurde gespeichert',)
INFO:root:('Ein Spieler Retro#5636 wurde gespeichert',)
INFO:root:('Ein Spieler Retro#5636 wurde gespeichert',)
INFO:root:('Ein Spieler Retro#5636 wurde gespeichert',)
INFO:root:('Ein Spieler Retro#5636 wurde gespeichert',)
INFO:root:('Ein Spieler Retro#5636 wurde gespeichert',)
INFO:root:('Ein Spieler Retro#5636 wurde gespeichert',)
INFO:root:('Ein Spieler Retro#5636 wurde gespeichert',)
INFO:root:('Ein Spieler Retro#5636 wurde gespeichert',)
INFO:root:('Ein Spieler Retro#5636 wurde gespeichert',)
INFO:root:('Ein Spieler Retro#5636 wurde gespeichert',)
INFO:root:('Ein Spieler Retro#5636 wurde gespeichert',)
INFO:root:('Ein Spieler Retro#5636 wurde gespeichert',)
INFO:root:('Ein Spieler Retro#5636 wurde gespeichert',)
INFO:root:('Ein Spieler Retro#5636 wurde gespeichert',)
INFO:root:('Ein Spieler Retro#5636 wurde gespeichert',)
INFO:nextcord.client:Cleaning up tasks.
INFO:nextcord.client:Cleaning up after 9 tasks.
INFO:nextcord.client:All tasks finished cancelling.
INFO:nextcord.client:Closing the event loop.
INFO:nextcord.client:logging in using static token
INFO:nextcord.gateway:Shard ID None has sent the IDENTIFY payload.
INFO:nextcord.gateway:Shard ID None has connected to Gateway: ["gateway-prd-main-r5xd",{"micros":260582,"calls":["id_created",{"micros":1984,"calls":[]},"session_lookup_time",{"micros":853,"calls":[]},"session_lookup_finished",{"micros":16,"calls":[]},"discord-sessions-blue-prd-2-95",{"micros":257422,"calls":["start_session",{"micros":209854,"calls":["discord-api-d99f788d6-ddxmm",{"micros":202029,"calls":["get_user",{"micros":27557},"get_guilds",{"micros":22259},"send_scheduled_deletion_message",{"micros":12},"guild_join_requests",{"micros":17359},"authorized_ip_coro",{"micros":7}]}]},"starting_guild_connect",{"micros":32,"calls":[]},"presence_started",{"micros":12166,"calls":[]},"guilds_started",{"micros":31378,"calls":[]},"guilds_connect",{"micros":2,"calls":[]},"presence_connect",{"micros":3959,"calls":[]},"connect_finished",{"micros":3964,"calls":[]},"build_ready",{"micros":25,"calls":[]},"optimize_ready",{"micros":0,"calls":[]},"split_ready",{"micros":1,"calls":[]},"clean_ready",{"micros":0,"calls":[]}]}]}] (Session ID: 88874c374bd67bfd864fef80e539d1b7).
INFO:nextcord.state:nextcord.ConnectionState: Registering command with signature ('create_character', 1, None)
INFO:nextcord.state:nextcord.ConnectionState: Registering command with signature ('guild', 1, None)
INFO:nextcord.state:nextcord.ConnectionState: Registering command with signature ('suggsetion', 1, None)
INFO:nextcord.state:nextcord.ConnectionState: Registering command with signature ('take_damage', 1, None)
INFO:nextcord.state:nextcord.ConnectionState: Registering command with signature ('crafting', 1, None)
INFO:nextcord.state:nextcord.ConnectionState: Registering command with signature ('market', 1, None)
INFO:root:('Bot has successfully logged in as: OpenRpg#8813', 'Bot ID: 893043103051706378\n')
INFO:nextcord.state:nextcord.ConnectionState: Registering command with signature ('player', 1, None)
INFO:nextcord.state:nextcord.ConnectionState: Registering command with signature ('fight', 1, None)
INFO:nextcord.state:nextcord.ConnectionState: Registering command with signature ('trade', 1, None)
INFO:nextcord.client:Cleaning up tasks.
INFO:nextcord.client:Cleaning up after 2 tasks.
INFO:nextcord.client:All tasks finished cancelling.
INFO:nextcord.client:Closing the event loop.
INFO:nextcord.client:logging in using static token
INFO:nextcord.gateway:Shard ID None has sent the IDENTIFY payload.
INFO:nextcord.gateway:Shard ID None has connected to Gateway: ["gateway-prd-main-d5hs",{"micros":133418,"calls":["id_created",{"micros":796,"calls":[]},"session_lookup_time",{"micros":286,"calls":[]},"session_lookup_finished",{"micros":12,"calls":[]},"discord-sessions-blue-prd-2-130",{"micros":131936,"calls":["start_session",{"micros":115790,"calls":["discord-api-b75cbb7b8-c6kk8",{"micros":110054,"calls":["get_user",{"micros":15279},"get_guilds",{"micros":13007},"send_scheduled_deletion_message",{"micros":48},"guild_join_requests",{"micros":2},"authorized_ip_coro",{"micros":10}]}]},"starting_guild_connect",{"micros":29,"calls":[]},"presence_started",{"micros":351,"calls":[]},"guilds_started",{"micros":13737,"calls":[]},"guilds_connect",{"micros":3,"calls":[]},"presence_connect",{"micros":1989,"calls":[]},"connect_finished",{"micros":1995,"calls":[]},"build_ready",{"micros":29,"calls":[]},"optimize_ready",{"micros":1,"calls":[]},"split_ready",{"micros":1,"calls":[]},"clean_ready",{"micros":0,"calls":[]}]}]}] (Session ID: 984cb0b4652c0d13bb36ab177d60586c).
INFO:nextcord.state:nextcord.ConnectionState: Registering command with signature ('create_character', 1, None)
INFO:nextcord.state:nextcord.ConnectionState: Registering command with signature ('guild', 1, None)
INFO:nextcord.state:nextcord.ConnectionState: Registering command with signature ('suggsetion', 1, None)
INFO:nextcord.state:nextcord.ConnectionState: Registering command with signature ('take_damage', 1, None)
INFO:nextcord.state:nextcord.ConnectionState: Registering command with signature ('crafting', 1, None)
INFO:nextcord.state:nextcord.ConnectionState: Registering command with signature ('market', 1, None)
INFO:nextcord.state:nextcord.ConnectionState: Registering command with signature ('player', 1, None)
INFO:nextcord.state:nextcord.ConnectionState: Registering command with signature ('fight', 1, None)
INFO:nextcord.state:nextcord.ConnectionState: Registering command with signature ('trade', 1, None)
INFO:nextcord.client:Cleaning up tasks.
INFO:nextcord.client:Cleaning up after 2 tasks.
INFO:nextcord.client:All tasks finished cancelling.
INFO:nextcord.client:Closing the event loop.
INFO:nextcord.client:logging in using static token
INFO:nextcord.gateway:Shard ID None has sent the IDENTIFY payload.
INFO:nextcord.gateway:Shard ID None has connected to Gateway: ["gateway-prd-main-jl2k",{"micros":71936,"calls":["id_created",{"micros":587,"calls":[]},"session_lookup_time",{"micros":311,"calls":[]},"session_lookup_finished",{"micros":11,"calls":[]},"discord-sessions-blue-prd-2-72",{"micros":70485,"calls":["start_session",{"micros":56179,"calls":["discord-api-b75cbb7b8-snx2c",{"micros":51340,"calls":["get_user",{"micros":11046},"get_guilds",{"micros":4546},"send_scheduled_deletion_message",{"micros":9},"guild_join_requests",{"micros":1888},"authorized_ip_coro",{"micros":13}]}]},"starting_guild_connect",{"micros":30,"calls":[]},"presence_started",{"micros":655,"calls":[]},"guilds_started",{"micros":6134,"calls":[]},"guilds_connect",{"micros":2,"calls":[]},"presence_connect",{"micros":7453,"calls":[]},"connect_finished",{"micros":7458,"calls":[]},"build_ready",{"micros":25,"calls":[]},"optimize_ready",{"micros":0,"calls":[]},"split_ready",{"micros":1,"calls":[]},"clean_ready",{"micros":1,"calls":[]}]}]}] (Session ID: 66ef755473bf5285536638657abd8b5e).
INFO:nextcord.state:nextcord.ConnectionState: Registering command with signature ('create_character', 1, None)
INFO:nextcord.state:nextcord.ConnectionState: Registering command with signature ('guild', 1, None)
INFO:nextcord.state:nextcord.ConnectionState: Registering command with signature ('suggsetion', 1, None)
INFO:nextcord.state:nextcord.ConnectionState: Registering command with signature ('take_damage', 1, None)
INFO:nextcord.state:nextcord.ConnectionState: Registering command with signature ('crafting', 1, None)
INFO:nextcord.state:nextcord.ConnectionState: Registering command with signature ('market', 1, None)
INFO:nextcord.state:nextcord.ConnectionState: Registering command with signature ('player', 1, None)
INFO:nextcord.state:nextcord.ConnectionState: Registering command with signature ('fight', 1, None)
INFO:nextcord.state:nextcord.ConnectionState: Registering command with signature ('trade', 1, None)
INFO:nextcord.client:Cleaning up tasks.
INFO:nextcord.client:Cleaning up after 2 tasks.
INFO:nextcord.client:All tasks finished cancelling.
INFO:nextcord.client:Closing the event loop.
INFO:nextcord.client:logging in using static token
INFO:nextcord.gateway:Shard ID None has sent the IDENTIFY payload.
INFO:nextcord.gateway:Shard ID None has connected to Gateway: ["gateway-prd-main-5606",{"micros":103060,"calls":["id_created",{"micros":546,"calls":[]},"session_lookup_time",{"micros":407,"calls":[]},"session_lookup_finished",{"micros":14,"calls":[]},"discord-sessions-blue-prd-2-94",{"micros":101518,"calls":["start_session",{"micros":83940,"calls":["discord-api-b75cbb7b8-8wt4b",{"micros":78250,"calls":["get_user",{"micros":24449},"get_guilds",{"micros":8514},"send_scheduled_deletion_message",{"micros":11},"guild_join_requests",{"micros":2},"authorized_ip_coro",{"micros":11}]}]},"starting_guild_connect",{"micros":37,"calls":[]},"presence_started",{"micros":2560,"calls":[]},"guilds_started",{"micros":14943,"calls":[]},"guilds_connect",{"micros":1,"calls":[]},"presence_connect",{"micros":1,"calls":[]},"connect_finished",{"micros":6,"calls":[]},"build_ready",{"micros":28,"calls":[]},"optimize_ready",{"micros":1,"calls":[]},"split_ready",{"micros":0,"calls":[]},"clean_ready",{"micros":1,"calls":[]}]}]}] (Session ID: 85fa8a829906f725c019893fa3979fcf).
INFO:nextcord.state:nextcord.ConnectionState: Registering command with signature ('create_character', 1, None)
INFO:nextcord.state:nextcord.ConnectionState: Registering command with signature ('guild', 1, None)
INFO:nextcord.state:nextcord.ConnectionState: Registering command with signature ('suggsetion', 1, None)
INFO:root:('Bot has successfully logged in as: OpenRpg#8813', 'Bot ID: 893043103051706378\n')
INFO:nextcord.state:nextcord.ConnectionState: Registering command with signature ('take_damage', 1, None)
INFO:nextcord.state:nextcord.ConnectionState: Registering command with signature ('crafting', 1, None)
INFO:nextcord.state:nextcord.ConnectionState: Registering command with signature ('market', 1, None)
INFO:nextcord.state:nextcord.ConnectionState: Registering command with signature ('player', 1, None)
INFO:nextcord.state:nextcord.ConnectionState: Registering command with signature ('fight', 1, None)
INFO:root:('Ein Spieler Retro#5636 wurde gespeichert',)
INFO:nextcord.state:nextcord.ConnectionState: Registering command with signature ('trade', 1, None)
INFO:root:('Ein Spieler Retro#5636 wurde gespeichert',)
INFO:root:('Retro#5636 hat 1xheal-potion-small bekommen von Retro#5636',)
INFO:root:('Ein Spieler Retro#5636 wurde gespeichert',)
INFO:root:('Ein Spieler Retro#5636 wurde gespeichert',)
INFO:root:('Ein Spieler Retro#5636 wurde gespeichert',)
INFO:root:('Ein Spieler Retro#5636 wurde gespeichert',)
INFO:nextcord.client:Cleaning up tasks.
INFO:nextcord.client:Cleaning up after 5 tasks.
INFO:nextcord.client:All tasks finished cancelling.
INFO:nextcord.client:Closing the event loop.
INFO:nextcord.client:logging in using static token
INFO:nextcord.gateway:Shard ID None has sent the IDENTIFY payload.
INFO:nextcord.gateway:Shard ID None has connected to Gateway: ["gateway-prd-main-wh3k",{"micros":144525,"calls":["id_created",{"micros":749,"calls":[]},"session_lookup_time",{"micros":390,"calls":[]},"session_lookup_finished",{"micros":12,"calls":[]},"discord-sessions-blue-prd-2-107",{"micros":142804,"calls":["start_session",{"micros":73650,"calls":["discord-api-b75cbb7b8-fzpv7",{"micros":67482,"calls":["get_user",{"micros":13600},"get_guilds",{"micros":17235},"send_scheduled_deletion_message",{"micros":14},"guild_join_requests",{"micros":3},"authorized_ip_coro",{"micros":15}]}]},"starting_guild_connect",{"micros":27,"calls":[]},"presence_started",{"micros":42783,"calls":[]},"guilds_started",{"micros":543,"calls":[]},"guilds_connect",{"micros":2,"calls":[]},"presence_connect",{"micros":25765,"calls":[]},"connect_finished",{"micros":25772,"calls":[]},"build_ready",{"micros":26,"calls":[]},"optimize_ready",{"micros":0,"calls":[]},"split_ready",{"micros":0,"calls":[]},"clean_ready",{"micros":1,"calls":[]}]}]}] (Session ID: eecf9e6b95c9fe0ce8fa5018a21a3e2a).
INFO:nextcord.state:nextcord.ConnectionState: Registering command with signature ('create_character', 1, None)
INFO:nextcord.state:nextcord.ConnectionState: Registering command with signature ('guild', 1, None)
INFO:nextcord.state:nextcord.ConnectionState: Registering command with signature ('suggsetion', 1, None)
INFO:nextcord.state:nextcord.ConnectionState: Registering command with signature ('take_damage', 1, None)
INFO:nextcord.state:nextcord.ConnectionState: Registering command with signature ('crafting', 1, None)
INFO:nextcord.state:nextcord.ConnectionState: Registering command with signature ('market', 1, None)
INFO:root:('Bot has successfully logged in as: OpenRpg#8813', 'Bot ID: 893043103051706378\n')
INFO:nextcord.state:nextcord.ConnectionState: Registering command with signature ('player', 1, None)
INFO:nextcord.state:nextcord.ConnectionState: Registering command with signature ('fight', 1, None)
INFO:nextcord.state:nextcord.ConnectionState: Registering command with signature ('trade', 1, None)
INFO:root:('Ein Spieler Retro#5636 wurde gespeichert',)
INFO:nextcord.client:Cleaning up tasks.
INFO:nextcord.client:Cleaning up after 2 tasks.
INFO:nextcord.client:All tasks finished cancelling.
INFO:nextcord.client:Closing the event loop.
INFO:nextcord.client:logging in using static token
INFO:nextcord.gateway:Shard ID None has sent the IDENTIFY payload.
INFO:nextcord.gateway:Shard ID None has connected to Gateway: ["gateway-prd-main-v33z",{"micros":132968,"calls":["id_created",{"micros":631,"calls":[]},"session_lookup_time",{"micros":434,"calls":[]},"session_lookup_finished",{"micros":14,"calls":[]},"discord-sessions-blue-prd-2-17",{"micros":131203,"calls":["start_session",{"micros":80668,"calls":["discord-api-b75cbb7b8-h4sm7",{"micros":72381,"calls":["get_user",{"micros":17683},"get_guilds",{"micros":10551},"send_scheduled_deletion_message",{"micros":15},"guild_join_requests",{"micros":5962},"authorized_ip_coro",{"micros":11}]}]},"starting_guild_connect",{"micros":31,"calls":[]},"presence_started",{"micros":20016,"calls":[]},"guilds_started",{"micros":30451,"calls":[]},"guilds_connect",{"micros":2,"calls":[]},"presence_connect",{"micros":1,"calls":[]},"connect_finished",{"micros":7,"calls":[]},"build_ready",{"micros":26,"calls":[]},"optimize_ready",{"micros":1,"calls":[]},"split_ready",{"micros":1,"calls":[]},"clean_ready",{"micros":0,"calls":[]}]}]}] (Session ID: b93acd058e34de9659e247d6ca22b8ec).
INFO:nextcord.state:nextcord.ConnectionState: Registering command with signature ('create_character', 1, None)
INFO:nextcord.state:nextcord.ConnectionState: Registering command with signature ('guild', 1, None)
INFO:nextcord.state:nextcord.ConnectionState: Registering command with signature ('suggsetion', 1, None)
INFO:root:('Bot has successfully logged in as: OpenRpg#8813', 'Bot ID: 893043103051706378\n')
INFO:nextcord.state:nextcord.ConnectionState: Registering command with signature ('take_damage', 1, None)
INFO:nextcord.state:nextcord.ConnectionState: Registering command with signature ('crafting', 1, None)
INFO:nextcord.state:nextcord.ConnectionState: Registering command with signature ('market', 1, None)
INFO:root:('Ein Spieler Retro#5636 wurde gespeichert',)
INFO:nextcord.state:nextcord.ConnectionState: Registering command with signature ('player', 1, None)
INFO:nextcord.state:nextcord.ConnectionState: Registering command with signature ('fight', 1, None)
INFO:nextcord.state:nextcord.ConnectionState: Registering command with signature ('trade', 1, None)
INFO:nextcord.client:Cleaning up tasks.
INFO:nextcord.client:Cleaning up after 3 tasks.
INFO:nextcord.client:All tasks finished cancelling.
INFO:nextcord.client:Closing the event loop.
INFO:nextcord.client:logging in using static token
INFO:nextcord.gateway:Shard ID None has sent the IDENTIFY payload.
INFO:nextcord.gateway:Shard ID None has connected to Gateway: ["gateway-prd-main-z128",{"micros":43425,"calls":["id_created",{"micros":678,"calls":[]},"session_lookup_time",{"micros":353,"calls":[]},"session_lookup_finished",{"micros":9,"calls":[]},"discord-sessions-blue-prd-2-138",{"micros":41844,"calls":["start_session",{"micros":38482,"calls":["discord-api-b75cbb7b8-9l2sl",{"micros":32765,"calls":["get_user",{"micros":10247},"get_guilds",{"micros":4383},"send_scheduled_deletion_message",{"micros":10},"guild_join_requests",{"micros":2},"authorized_ip_coro",{"micros":10}]}]},"starting_guild_connect",{"micros":46,"calls":[]},"presence_started",{"micros":287,"calls":[]},"guilds_started",{"micros":2627,"calls":[]},"guilds_connect",{"micros":1,"calls":[]},"presence_connect",{"micros":366,"calls":[]},"connect_finished",{"micros":371,"calls":[]},"build_ready",{"micros":6,"calls":[]},"optimize_ready",{"micros":21,"calls":[]},"split_ready",{"micros":1,"calls":[]},"clean_ready",{"micros":1,"calls":[]}]}]}] (Session ID: c1123f98e54428e192bab97d4393d3a3).
INFO:nextcord.state:nextcord.ConnectionState: Registering command with signature ('create_character', 1, None)
INFO:nextcord.state:nextcord.ConnectionState: Registering command with signature ('guild', 1, None)
INFO:nextcord.state:nextcord.ConnectionState: Registering command with signature ('suggsetion', 1, None)
INFO:nextcord.state:nextcord.ConnectionState: Registering command with signature ('take_damage', 1, None)
INFO:nextcord.state:nextcord.ConnectionState: Registering command with signature ('crafting', 1, None)
INFO:root:('Bot has successfully logged in as: OpenRpg#8813', 'Bot ID: 893043103051706378\n')
INFO:nextcord.state:nextcord.ConnectionState: Registering command with signature ('market', 1, None)
INFO:nextcord.state:nextcord.ConnectionState: Registering command with signature ('player', 1, None)
INFO:nextcord.state:nextcord.ConnectionState: Registering command with signature ('fight', 1, None)
INFO:nextcord.state:nextcord.ConnectionState: Registering command with signature ('trade', 1, None)
INFO:nextcord.client:Cleaning up tasks.
INFO:nextcord.client:Cleaning up after 2 tasks.
INFO:nextcord.client:All tasks finished cancelling.
INFO:nextcord.client:Closing the event loop.
INFO:nextcord.client:logging in using static token
INFO:nextcord.gateway:Shard ID None has sent the IDENTIFY payload.
INFO:nextcord.gateway:Shard ID None has connected to Gateway: ["gateway-prd-main-12rh",{"micros":92395,"calls":["id_created",{"micros":539,"calls":[]},"session_lookup_time",{"micros":376,"calls":[]},"session_lookup_finished",{"micros":13,"calls":[]},"discord-sessions-blue-prd-2-198",{"micros":91002,"calls":["start_session",{"micros":39654,"calls":["discord-api-b75cbb7b8-vxmpl",{"micros":35963,"calls":["get_user",{"micros":13462},"get_guilds",{"micros":5588},"send_scheduled_deletion_message",{"micros":11},"guild_join_requests",{"micros":1},"authorized_ip_coro",{"micros":11}]}]},"starting_guild_connect",{"micros":26,"calls":[]},"presence_started",{"micros":9737,"calls":[]},"guilds_started",{"micros":13099,"calls":[]},"guilds_connect",{"micros":1,"calls":[]},"presence_connect",{"micros":28446,"calls":[]},"connect_finished",{"micros":28453,"calls":[]},"build_ready",{"micros":29,"calls":[]},"optimize_ready",{"micros":1,"calls":[]},"split_ready",{"micros":0,"calls":[]},"clean_ready",{"micros":0,"calls":[]}]}]}] (Session ID: 1614dcef782b38bb7e368524c2387b3b).
INFO:nextcord.state:nextcord.ConnectionState: Registering command with signature ('create_character', 1, None)
INFO:nextcord.state:nextcord.ConnectionState: Registering command with signature ('guild', 1, None)
INFO:nextcord.state:nextcord.ConnectionState: Registering command with signature ('suggsetion', 1, None)
INFO:nextcord.state:nextcord.ConnectionState: Registering command with signature ('take_damage', 1, None)
INFO:nextcord.state:nextcord.ConnectionState: Registering command with signature ('crafting', 1, None)
INFO:nextcord.state:nextcord.ConnectionState: Registering command with signature ('market', 1, None)
INFO:root:('Bot has successfully logged in as: OpenRpg#8813', 'Bot ID: 893043103051706378\n')
INFO:nextcord.state:nextcord.ConnectionState: Registering command with signature ('player', 1, None)
INFO:nextcord.state:nextcord.ConnectionState: Registering command with signature ('fight', 1, None)
INFO:nextcord.state:nextcord.ConnectionState: Registering command with signature ('trade', 1, None)
INFO:root:('Ein Spieler Retro#5636 wurde gespeichert',)
INFO:root:('Retro#5636 hat 1xheal-potion-small bekommen von Retro#5636',)
INFO:root:('Ein Spieler Retro#5636 wurde gespeichert',)
INFO:root:('Ein Spieler Retro#5636 wurde gespeichert',)
INFO:root:('Retro#5636 hat 1xheal-potion-small bekommen von Retro#5636',)
INFO:root:('Ein Spieler Retro#5636 wurde gespeichert',)
INFO:nextcord.client:Cleaning up tasks.
INFO:nextcord.client:Cleaning up after 5 tasks.
INFO:nextcord.client:All tasks finished cancelling.
INFO:nextcord.client:Closing the event loop.
INFO:nextcord.client:logging in using static token
INFO:nextcord.gateway:Shard ID None has sent the IDENTIFY payload.
INFO:nextcord.gateway:Shard ID None has connected to Gateway: ["gateway-prd-main-c4kp",{"micros":99159,"calls":["id_created",{"micros":639,"calls":[]},"session_lookup_time",{"micros":256,"calls":[]},"session_lookup_finished",{"micros":9,"calls":[]},"discord-sessions-blue-prd-2-157",{"micros":97845,"calls":["start_session",{"micros":38421,"calls":["discord-api-b75cbb7b8-rtmjf",{"micros":33900,"calls":["get_user",{"micros":9797},"get_guilds",{"micros":3530},"send_scheduled_deletion_message",{"micros":12},"guild_join_requests",{"micros":497},"authorized_ip_coro",{"micros":12}]}]},"starting_guild_connect",{"micros":45,"calls":[]},"presence_started",{"micros":7102,"calls":[]},"guilds_started",{"micros":7160,"calls":[]},"guilds_connect",{"micros":2,"calls":[]},"presence_connect",{"micros":45077,"calls":[]},"connect_finished",{"micros":45084,"calls":[]},"build_ready",{"micros":29,"calls":[]},"optimize_ready",{"micros":0,"calls":[]},"split_ready",{"micros":1,"calls":[]},"clean_ready",{"micros":1,"calls":[]}]}]}] (Session ID: cf0d25becbc6bc3b70a96fa19c7d356c).
INFO:nextcord.state:nextcord.ConnectionState: Registering command with signature ('create_character', 1, None)
INFO:nextcord.state:nextcord.ConnectionState: Registering command with signature ('guild', 1, None)
INFO:nextcord.state:nextcord.ConnectionState: Registering command with signature ('suggsetion', 1, None)
INFO:nextcord.state:nextcord.ConnectionState: Registering command with signature ('take_damage', 1, None)
INFO:nextcord.state:nextcord.ConnectionState: Registering command with signature ('crafting', 1, None)
INFO:root:('Bot has successfully logged in as: OpenRpg#8813', 'Bot ID: 893043103051706378\n')
INFO:nextcord.state:nextcord.ConnectionState: Registering command with signature ('market', 1, None)
INFO:nextcord.state:nextcord.ConnectionState: Registering command with signature ('player', 1, None)
INFO:nextcord.state:nextcord.ConnectionState: Registering command with signature ('fight', 1, None)
INFO:nextcord.state:nextcord.ConnectionState: Registering command with signature ('trade', 1, None)
INFO:root:('Ein Spieler Retro#5636 wurde gespeichert',)
INFO:root:('Retro#5636 hat 1xheal-potion-small bekommen von Retro#5636',)
INFO:root:('Ein Spieler Retro#5636 wurde gespeichert',)
INFO:nextcord.client:Cleaning up tasks.
INFO:nextcord.client:Cleaning up after 3 tasks.
INFO:nextcord.client:All tasks finished cancelling.
INFO:nextcord.client:Closing the event loop.
INFO:nextcord.client:logging in using static token
INFO:nextcord.gateway:Shard ID None has sent the IDENTIFY payload.
INFO:nextcord.gateway:Shard ID None has connected to Gateway: ["gateway-prd-main-j6r3",{"micros":136356,"calls":["id_created",{"micros":765,"calls":[]},"session_lookup_time",{"micros":283,"calls":[]},"session_lookup_finished",{"micros":10,"calls":[]},"discord-sessions-blue-prd-2-95",{"micros":134720,"calls":["start_session",{"micros":90049,"calls":["discord-api-b75cbb7b8-kb5c4",{"micros":85354,"calls":["get_user",{"micros":12660},"get_guilds",{"micros":6606},"send_scheduled_deletion_message",{"micros":8},"guild_join_requests",{"micros":12066},"authorized_ip_coro",{"micros":13}]}]},"starting_guild_connect",{"micros":33,"calls":[]},"presence_started",{"micros":263,"calls":[]},"guilds_started",{"micros":1380,"calls":[]},"guilds_connect",{"micros":1,"calls":[]},"presence_connect",{"micros":42962,"calls":[]},"connect_finished",{"micros":42967,"calls":[]},"build_ready",{"micros":25,"calls":[]},"optimize_ready",{"micros":0,"calls":[]},"split_ready",{"micros":1,"calls":[]},"clean_ready",{"micros":0,"calls":[]}]}]}] (Session ID: a49de9651bd8690f595469328ee1e4b6).
INFO:nextcord.state:nextcord.ConnectionState: Registering command with signature ('create_character', 1, None)
INFO:nextcord.state:nextcord.ConnectionState: Registering command with signature ('guild', 1, None)
INFO:nextcord.state:nextcord.ConnectionState: Registering command with signature ('suggsetion', 1, None)
INFO:nextcord.state:nextcord.ConnectionState: Registering command with signature ('take_damage', 1, None)
INFO:nextcord.state:nextcord.ConnectionState: Registering command with signature ('crafting', 1, None)
INFO:nextcord.state:nextcord.ConnectionState: Registering command with signature ('market', 1, None)
INFO:root:('Bot has successfully logged in as: OpenRpg#8813', 'Bot ID: 893043103051706378\n')
INFO:nextcord.state:nextcord.ConnectionState: Registering command with signature ('player', 1, None)
INFO:nextcord.state:nextcord.ConnectionState: Registering command with signature ('fight', 1, None)
INFO:nextcord.state:nextcord.ConnectionState: Registering command with signature ('trade', 1, None)
INFO:root:('Ein Spieler Retro#5636 wurde gespeichert',)
INFO:root:('Retro#5636 hat 1xheal-potion-small bekommen von Retro#5636',)
INFO:nextcord.client:Cleaning up tasks.
INFO:nextcord.client:Cleaning up after 2 tasks.
INFO:nextcord.client:All tasks finished cancelling.
INFO:nextcord.client:Closing the event loop.
INFO:nextcord.client:logging in using static token
INFO:nextcord.gateway:Shard ID None has sent the IDENTIFY payload.
INFO:nextcord.gateway:Shard ID None has connected to Gateway: ["gateway-prd-main-cqq2",{"micros":101092,"calls":["id_created",{"micros":824,"calls":[]},"session_lookup_time",{"micros":322,"calls":[]},"session_lookup_finished",{"micros":15,"calls":[]},"discord-sessions-blue-prd-2-171",{"micros":99528,"calls":["start_session",{"micros":58979,"calls":["discord-api-b75cbb7b8-wbg7n",{"micros":55046,"calls":["get_user",{"micros":16212},"get_guilds",{"micros":6633},"send_scheduled_deletion_message",{"micros":13},"guild_join_requests",{"micros":2},"authorized_ip_coro",{"micros":13}]}]},"starting_guild_connect",{"micros":40,"calls":[]},"presence_started",{"micros":334,"calls":[]},"guilds_started",{"micros":520,"calls":[]},"guilds_connect",{"micros":1,"calls":[]},"presence_connect",{"micros":39606,"calls":[]},"connect_finished",{"micros":39611,"calls":[]},"build_ready",{"micros":38,"calls":[]},"optimize_ready",{"micros":1,"calls":[]},"split_ready",{"micros":1,"calls":[]},"clean_ready",{"micros":1,"calls":[]}]}]}] (Session ID: a7b9a12a578b6c0fd735002345219bf8).
INFO:nextcord.state:nextcord.ConnectionState: Registering command with signature ('create_character', 1, None)
INFO:nextcord.state:nextcord.ConnectionState: Registering command with signature ('guild', 1, None)
INFO:nextcord.state:nextcord.ConnectionState: Registering command with signature ('suggsetion', 1, None)
INFO:nextcord.state:nextcord.ConnectionState: Registering command with signature ('take_damage', 1, None)
INFO:nextcord.state:nextcord.ConnectionState: Registering command with signature ('crafting', 1, None)
INFO:nextcord.state:nextcord.ConnectionState: Registering command with signature ('market', 1, None)
INFO:root:('Bot has successfully logged in as: OpenRpg#8813', 'Bot ID: 893043103051706378\n')
INFO:nextcord.state:nextcord.ConnectionState: Registering command with signature ('player', 1, None)
INFO:nextcord.state:nextcord.ConnectionState: Registering command with signature ('fight', 1, None)
INFO:nextcord.state:nextcord.ConnectionState: Registering command with signature ('trade', 1, None)
INFO:nextcord.client:Cleaning up tasks.
INFO:nextcord.client:Cleaning up after 2 tasks.
INFO:nextcord.client:All tasks finished cancelling.
INFO:nextcord.client:Closing the event loop.
INFO:nextcord.client:logging in using static token
INFO:nextcord.gateway:Shard ID None has sent the IDENTIFY payload.
INFO:nextcord.gateway:Shard ID None has connected to Gateway: ["gateway-prd-main-hw6w",{"micros":96107,"calls":["id_created",{"micros":735,"calls":[]},"session_lookup_time",{"micros":6860,"calls":[]},"session_lookup_finished",{"micros":11,"calls":[]},"discord-sessions-blue-prd-2-57",{"micros":87707,"calls":["start_session",{"micros":62989,"calls":["discord-api-b75cbb7b8-sh7pp",{"micros":58737,"calls":["get_user",{"micros":10130},"get_guilds",{"micros":11178},"send_scheduled_deletion_message",{"micros":13},"guild_join_requests",{"micros":1321},"authorized_ip_coro",{"micros":15}]}]},"starting_guild_connect",{"micros":42,"calls":[]},"presence_started",{"micros":259,"calls":[]},"guilds_started",{"micros":5389,"calls":[]},"guilds_connect",{"micros":2,"calls":[]},"presence_connect",{"micros":18992,"calls":[]},"connect_finished",{"micros":18999,"calls":[]},"build_ready",{"micros":26,"calls":[]},"optimize_ready",{"micros":0,"calls":[]},"split_ready",{"micros":1,"calls":[]},"clean_ready",{"micros":0,"calls":[]}]}]}] (Session ID: 5e60731e25710c186e0858df1e33d19d).
INFO:nextcord.state:nextcord.ConnectionState: Registering command with signature ('create_character', 1, None)
INFO:nextcord.state:nextcord.ConnectionState: Registering command with signature ('guild', 1, None)
INFO:root:('Bot has successfully logged in as: OpenRpg#8813', 'Bot ID: 893043103051706378\n')
INFO:nextcord.state:nextcord.ConnectionState: Registering command with signature ('suggsetion', 1, None)
INFO:nextcord.state:nextcord.ConnectionState: Registering command with signature ('take_damage', 1, None)
INFO:nextcord.state:nextcord.ConnectionState: Registering command with signature ('crafting', 1, None)
INFO:nextcord.state:nextcord.ConnectionState: Registering command with signature ('market', 1, None)
INFO:nextcord.state:nextcord.ConnectionState: Registering command with signature ('player', 1, None)
INFO:root:('Ein Spieler Retro#5636 wurde gespeichert',)
INFO:root:('Retro#5636 hat 1xheal-potion-small bekommen von Retro#5636',)
INFO:root:('Ein Spieler Retro#5636 wurde gespeichert',)
INFO:nextcord.state:nextcord.ConnectionState: Registering command with signature ('fight', 1, None)
INFO:nextcord.state:nextcord.ConnectionState: Registering command with signature ('trade', 1, None)
INFO:root:('Ein Spieler Retro#5636 wurde gespeichert',)
INFO:root:('Ein Spieler Retro#5636 wurde gespeichert',)
INFO:root:('Ein Spieler Retro#5636 wurde gespeichert',)
INFO:nextcord.client:Cleaning up tasks.
INFO:nextcord.client:Cleaning up after 5 tasks.
INFO:nextcord.client:All tasks finished cancelling.
INFO:nextcord.client:Closing the event loop.
INFO:nextcord.client:logging in using static token
INFO:nextcord.gateway:Shard ID None has sent the IDENTIFY payload.
INFO:nextcord.gateway:Shard ID None has connected to Gateway: ["gateway-prd-main-nmlj",{"micros":112985,"calls":["id_created",{"micros":784,"calls":[]},"session_lookup_time",{"micros":304,"calls":[]},"session_lookup_finished",{"micros":15,"calls":[]},"discord-sessions-blue-prd-2-101",{"micros":111377,"calls":["start_session",{"micros":71581,"calls":["discord-api-b75cbb7b8-swf7w",{"micros":66860,"calls":["get_user",{"micros":19302},"get_guilds",{"micros":11358},"send_scheduled_deletion_message",{"micros":11},"guild_join_requests",{"micros":1486},"authorized_ip_coro",{"micros":14}]}]},"starting_guild_connect",{"micros":27,"calls":[]},"presence_started",{"micros":14681,"calls":[]},"guilds_started",{"micros":10401,"calls":[]},"guilds_connect",{"micros":1,"calls":[]},"presence_connect",{"micros":14647,"calls":[]},"connect_finished",{"micros":14652,"calls":[]},"build_ready",{"micros":31,"calls":[]},"optimize_ready",{"micros":0,"calls":[]},"split_ready",{"micros":1,"calls":[]},"clean_ready",{"micros":1,"calls":[]}]}]}] (Session ID: ab3c100df3d497ecc4b6ec601f54ae0f).
INFO:nextcord.state:nextcord.ConnectionState: Registering command with signature ('create_character', 1, None)
INFO:nextcord.state:nextcord.ConnectionState: Registering command with signature ('guild', 1, None)
INFO:nextcord.state:nextcord.ConnectionState: Registering command with signature ('suggsetion', 1, None)
INFO:nextcord.state:nextcord.ConnectionState: Registering command with signature ('take_damage', 1, None)
INFO:nextcord.state:nextcord.ConnectionState: Registering command with signature ('crafting', 1, None)
INFO:root:('Bot has successfully logged in as: OpenRpg#8813', 'Bot ID: 893043103051706378\n')
INFO:nextcord.state:nextcord.ConnectionState: Registering command with signature ('market', 1, None)
INFO:nextcord.state:nextcord.ConnectionState: Registering command with signature ('player', 1, None)
INFO:nextcord.state:nextcord.ConnectionState: Registering command with signature ('fight', 1, None)
INFO:nextcord.state:nextcord.ConnectionState: Registering command with signature ('trade', 1, None)
INFO:root:('Ein Spieler Retro#5636 wurde gespeichert',)
INFO:root:('Retro#5636 hat 10xheal-potion-small bekommen von Retro#5636',)
INFO:root:('Ein Spieler Retro#5636 wurde gespeichert',)
INFO:root:('Ein Spieler Retro#5636 wurde gespeichert',)
INFO:root:('Ein Spieler Retro#5636 wurde gespeichert',)
INFO:nextcord.client:Cleaning up tasks.
INFO:nextcord.client:Cleaning up after 5 tasks.
INFO:nextcord.client:All tasks finished cancelling.
INFO:nextcord.client:Closing the event loop.
INFO:nextcord.client:logging in using static token
INFO:nextcord.gateway:Shard ID None has sent the IDENTIFY payload.
INFO:nextcord.gateway:Shard ID None has connected to Gateway: ["gateway-prd-main-st65",{"micros":109116,"calls":["id_created",{"micros":711,"calls":[]},"session_lookup_time",{"micros":340,"calls":[]},"session_lookup_finished",{"micros":12,"calls":[]},"discord-sessions-blue-prd-2-26",{"micros":107502,"calls":["start_session",{"micros":54078,"calls":["discord-api-b75cbb7b8-blx92",{"micros":50353,"calls":["get_user",{"micros":19487},"get_guilds",{"micros":3245},"send_scheduled_deletion_message",{"micros":8},"guild_join_requests",{"micros":109},"authorized_ip_coro",{"micros":10}]}]},"starting_guild_connect",{"micros":34,"calls":[]},"presence_started",{"micros":12004,"calls":[]},"guilds_started",{"micros":12077,"calls":[]},"guilds_connect",{"micros":2,"calls":[]},"presence_connect",{"micros":29278,"calls":[]},"connect_finished",{"micros":29282,"calls":[]},"build_ready",{"micros":24,"calls":[]},"optimize_ready",{"micros":1,"calls":[]},"split_ready",{"micros":0,"calls":[]},"clean_ready",{"micros":0,"calls":[]}]}]}] (Session ID: bf472b1f240b0f8cd6ba6f76eed42e3a).
INFO:nextcord.state:nextcord.ConnectionState: Registering command with signature ('create_character', 1, None)
INFO:nextcord.state:nextcord.ConnectionState: Registering command with signature ('guild', 1, None)
INFO:nextcord.state:nextcord.ConnectionState: Registering command with signature ('suggsetion', 1, None)
INFO:nextcord.state:nextcord.ConnectionState: Registering command with signature ('take_damage', 1, None)
INFO:nextcord.state:nextcord.ConnectionState: Registering command with signature ('crafting', 1, None)
INFO:nextcord.state:nextcord.ConnectionState: Registering command with signature ('market', 1, None)
INFO:root:('Bot has successfully logged in as: OpenRpg#8813', 'Bot ID: 893043103051706378\n')
INFO:root:('Ein Spieler Retro#5636 wurde gespeichert',)
INFO:nextcord.state:nextcord.ConnectionState: Registering command with signature ('player', 1, None)
INFO:nextcord.state:nextcord.ConnectionState: Registering command with signature ('fight', 1, None)
INFO:nextcord.state:nextcord.ConnectionState: Registering command with signature ('trade', 1, None)
INFO:root:('Ein Spieler Retro#5636 wurde gespeichert',)
INFO:nextcord.client:Cleaning up tasks.
INFO:nextcord.client:Cleaning up after 4 tasks.
INFO:nextcord.client:All tasks finished cancelling.
INFO:nextcord.client:Closing the event loop.
INFO:nextcord.client:logging in using static token
INFO:nextcord.gateway:Shard ID None has sent the IDENTIFY payload.
INFO:nextcord.gateway:Shard ID None has connected to Gateway: ["gateway-prd-main-79m5",{"micros":83352,"calls":["id_created",{"micros":749,"calls":[]},"session_lookup_time",{"micros":295,"calls":[]},"session_lookup_finished",{"micros":11,"calls":[]},"discord-sessions-blue-prd-2-114",{"micros":81857,"calls":["start_session",{"micros":38617,"calls":["discord-api-b75cbb7b8-k74ff",{"micros":34414,"calls":["get_user",{"micros":9865},"get_guilds",{"micros":5555},"send_scheduled_deletion_message",{"micros":11},"guild_join_requests",{"micros":142},"authorized_ip_coro",{"micros":14}]}]},"starting_guild_connect",{"micros":32,"calls":[]},"presence_started",{"micros":259,"calls":[]},"guilds_started",{"micros":497,"calls":[]},"guilds_connect",{"micros":2,"calls":[]},"presence_connect",{"micros":42412,"calls":[]},"connect_finished",{"micros":42418,"calls":[]},"build_ready",{"micros":29,"calls":[]},"optimize_ready",{"micros":1,"calls":[]},"split_ready",{"micros":1,"calls":[]},"clean_ready",{"micros":0,"calls":[]}]}]}] (Session ID: a498c1d106155bd946620d1a0043d8ed).
INFO:nextcord.state:nextcord.ConnectionState: Registering command with signature ('create_character', 1, None)
INFO:nextcord.state:nextcord.ConnectionState: Registering command with signature ('guild', 1, None)
INFO:nextcord.state:nextcord.ConnectionState: Registering command with signature ('suggsetion', 1, None)
INFO:nextcord.state:nextcord.ConnectionState: Registering command with signature ('take_damage', 1, None)
INFO:nextcord.state:nextcord.ConnectionState: Registering command with signature ('crafting', 1, None)
INFO:nextcord.state:nextcord.ConnectionState: Registering command with signature ('market', 1, None)
INFO:root:('Bot has successfully logged in as: OpenRpg#8813', 'Bot ID: 893043103051706378\n')
INFO:root:('Ein Spieler Retro#5636 wurde gespeichert',)
INFO:nextcord.state:nextcord.ConnectionState: Registering command with signature ('player', 1, None)
INFO:nextcord.state:nextcord.ConnectionState: Registering command with signature ('fight', 1, None)
INFO:nextcord.state:nextcord.ConnectionState: Registering command with signature ('trade', 1, None)
INFO:nextcord.client:Cleaning up tasks.
INFO:nextcord.client:Cleaning up after 4 tasks.
INFO:nextcord.client:All tasks finished cancelling.
INFO:nextcord.client:Closing the event loop.
INFO:nextcord.client:logging in using static token
INFO:nextcord.gateway:Shard ID None has sent the IDENTIFY payload.
INFO:nextcord.gateway:Shard ID None has connected to Gateway: ["gateway-prd-main-q699",{"micros":121532,"calls":["id_created",{"micros":676,"calls":[]},"session_lookup_time",{"micros":4405,"calls":[]},"session_lookup_finished",{"micros":12,"calls":[]},"discord-sessions-blue-prd-2-196",{"micros":115986,"calls":["start_session",{"micros":97696,"calls":["discord-api-b75cbb7b8-2bqzp",{"micros":88452,"calls":["get_user",{"micros":20967},"get_guilds",{"micros":16224},"send_scheduled_deletion_message",{"micros":10},"guild_join_requests",{"micros":2},"authorized_ip_coro",{"micros":14}]}]},"starting_guild_connect",{"micros":29,"calls":[]},"presence_started",{"micros":409,"calls":[]},"guilds_started",{"micros":1031,"calls":[]},"guilds_connect",{"micros":2,"calls":[]},"presence_connect",{"micros":16786,"calls":[]},"connect_finished",{"micros":16792,"calls":[]},"build_ready",{"micros":25,"calls":[]},"optimize_ready",{"micros":0,"calls":[]},"split_ready",{"micros":1,"calls":[]},"clean_ready",{"micros":1,"calls":[]}]}]}] (Session ID: 9abd5a5e853faf7eff283ee1c5a876d2).
INFO:nextcord.state:nextcord.ConnectionState: Registering command with signature ('create_character', 1, None)
INFO:nextcord.state:nextcord.ConnectionState: Registering command with signature ('guild', 1, None)
INFO:nextcord.state:nextcord.ConnectionState: Registering command with signature ('suggsetion', 1, None)
INFO:nextcord.state:nextcord.ConnectionState: Registering command with signature ('take_damage', 1, None)
INFO:nextcord.state:nextcord.ConnectionState: Registering command with signature ('crafting', 1, None)
INFO:nextcord.state:nextcord.ConnectionState: Registering command with signature ('market', 1, None)
INFO:root:('Bot has successfully logged in as: OpenRpg#8813', 'Bot ID: 893043103051706378\n')
INFO:nextcord.client:Cleaning up tasks.
INFO:nextcord.client:Cleaning up after 3 tasks.
INFO:nextcord.client:All tasks finished cancelling.
INFO:nextcord.client:Closing the event loop.
INFO:nextcord.client:logging in using static token
INFO:nextcord.gateway:Shard ID None has sent the IDENTIFY payload.
INFO:nextcord.gateway:Shard ID None has connected to Gateway: ["gateway-prd-main-d5hs",{"micros":102992,"calls":["id_created",{"micros":736,"calls":[]},"session_lookup_time",{"micros":259,"calls":[]},"session_lookup_finished",{"micros":14,"calls":[]},"discord-sessions-blue-prd-2-198",{"micros":101590,"calls":["start_session",{"micros":72043,"calls":["discord-api-b75cbb7b8-gbnvs",{"micros":65094,"calls":["get_user",{"micros":15468},"get_guilds",{"micros":10026},"send_scheduled_deletion_message",{"micros":9},"guild_join_requests",{"micros":144},"authorized_ip_coro",{"micros":10}]}]},"starting_guild_connect",{"micros":36,"calls":[]},"presence_started",{"micros":278,"calls":[]},"guilds_started",{"micros":27218,"calls":[]},"guilds_connect",{"micros":2,"calls":[]},"presence_connect",{"micros":1981,"calls":[]},"connect_finished",{"micros":1987,"calls":[]},"build_ready",{"micros":24,"calls":[]},"optimize_ready",{"micros":1,"calls":[]},"split_ready",{"micros":1,"calls":[]},"clean_ready",{"micros":0,"calls":[]}]}]}] (Session ID: 2fcbee066bb885e738f2a9532533e4d6).
INFO:nextcord.state:nextcord.ConnectionState: Registering command with signature ('create_character', 1, None)
WARNING:nextcord.http:We are being rate limited. Retrying in 12.17 seconds. Handled under the bucket "None:None:/applications/{application_id}/commands"
INFO:root:('Bot has successfully logged in as: OpenRpg#8813', 'Bot ID: 893043103051706378\n')
INFO:root:('Ein Spieler Retro#5636 wurde gespeichert',)
INFO:nextcord.state:nextcord.ConnectionState: Registering command with signature ('guild', 1, None)
INFO:nextcord.state:nextcord.ConnectionState: Registering command with signature ('suggsetion', 1, None)
INFO:nextcord.state:nextcord.ConnectionState: Registering command with signature ('take_damage', 1, None)
INFO:nextcord.state:nextcord.ConnectionState: Registering command with signature ('crafting', 1, None)
INFO:nextcord.state:nextcord.ConnectionState: Registering command with signature ('market', 1, None)
INFO:root:('Ein Spieler Retro#5636 wurde gespeichert',)
INFO:nextcord.state:nextcord.ConnectionState: Registering command with signature ('player', 1, None)
INFO:nextcord.state:nextcord.ConnectionState: Registering command with signature ('fight', 1, None)
INFO:nextcord.state:nextcord.ConnectionState: Registering command with signature ('trade', 1, None)
INFO:nextcord.client:Cleaning up tasks.
INFO:nextcord.client:Cleaning up after 4 tasks.
INFO:nextcord.client:All tasks finished cancelling.
INFO:nextcord.client:Closing the event loop.
INFO:nextcord.client:logging in using static token
INFO:nextcord.gateway:Shard ID None has sent the IDENTIFY payload.
INFO:nextcord.gateway:Shard ID None has connected to Gateway: ["gateway-prd-main-2z9k",{"micros":124229,"calls":["id_created",{"micros":669,"calls":[]},"session_lookup_time",{"micros":306,"calls":[]},"session_lookup_finished",{"micros":12,"calls":[]},"discord-sessions-blue-prd-2-38",{"micros":122754,"calls":["start_session",{"micros":90221,"calls":["discord-api-b75cbb7b8-mdx9c",{"micros":80037,"calls":["get_user",{"micros":17163},"get_guilds",{"micros":4151},"send_scheduled_deletion_message",{"micros":12},"guild_join_requests",{"micros":2358},"authorized_ip_coro",{"micros":10}]}]},"starting_guild_connect",{"micros":33,"calls":[]},"presence_started",{"micros":273,"calls":[]},"guilds_started",{"micros":14746,"calls":[]},"guilds_connect",{"micros":1,"calls":[]},"presence_connect",{"micros":17441,"calls":[]},"connect_finished",{"micros":17446,"calls":[]},"build_ready",{"micros":30,"calls":[]},"optimize_ready",{"micros":1,"calls":[]},"split_ready",{"micros":1,"calls":[]},"clean_ready",{"micros":1,"calls":[]}]}]}] (Session ID: 3aea77d0ce5dfcc67cfadd81f7144fb3).
INFO:nextcord.state:nextcord.ConnectionState: Registering command with signature ('create_character', 1, None)
INFO:nextcord.state:nextcord.ConnectionState: Registering command with signature ('guild', 1, None)
INFO:nextcord.state:nextcord.ConnectionState: Registering command with signature ('suggsetion', 1, None)
INFO:nextcord.state:nextcord.ConnectionState: Registering command with signature ('take_damage', 1, None)
INFO:nextcord.state:nextcord.ConnectionState: Registering command with signature ('crafting', 1, None)
INFO:root:('Bot has successfully logged in as: OpenRpg#8813', 'Bot ID: 893043103051706378\n')
INFO:nextcord.state:nextcord.ConnectionState: Registering command with signature ('market', 1, None)
INFO:root:('Ein Spieler Retro#5636 wurde gespeichert',)
INFO:root:('Ein Spieler Retro#5636 wurde gespeichert',)
INFO:nextcord.state:nextcord.ConnectionState: Registering command with signature ('player', 1, None)
INFO:nextcord.state:nextcord.ConnectionState: Registering command with signature ('fight', 1, None)
INFO:nextcord.state:nextcord.ConnectionState: Registering command with signature ('trade', 1, None)
INFO:nextcord.client:Cleaning up tasks.
INFO:nextcord.client:Cleaning up after 4 tasks.
INFO:nextcord.client:All tasks finished cancelling.
INFO:nextcord.client:Closing the event loop.
INFO:nextcord.client:logging in using static token
INFO:nextcord.gateway:Shard ID None has sent the IDENTIFY payload.
INFO:nextcord.gateway:Shard ID None has connected to Gateway: ["gateway-prd-main-rwpm",{"micros":161393,"calls":["id_created",{"micros":671,"calls":[]},"session_lookup_time",{"micros":348,"calls":[]},"session_lookup_finished",{"micros":14,"calls":[]},"discord-sessions-blue-prd-2-165",{"micros":159834,"calls":["start_session",{"micros":93706,"calls":["discord-api-b75cbb7b8-sjnst",{"micros":81592,"calls":["get_user",{"micros":29424},"get_guilds",{"micros":15414},"send_scheduled_deletion_message",{"micros":14},"guild_join_requests",{"micros":3},"authorized_ip_coro",{"micros":9}]}]},"starting_guild_connect",{"micros":31,"calls":[]},"presence_started",{"micros":7154,"calls":[]},"guilds_started",{"micros":58891,"calls":[]},"guilds_connect",{"micros":2,"calls":[]},"presence_connect",{"micros":1,"calls":[]},"connect_finished",{"micros":6,"calls":[]},"build_ready",{"micros":42,"calls":[]},"optimize_ready",{"micros":1,"calls":[]},"split_ready",{"micros":1,"calls":[]},"clean_ready",{"micros":0,"calls":[]}]}]}] (Session ID: 03d9073bd48ed276645988a0f97bc018).
INFO:nextcord.state:nextcord.ConnectionState: Registering command with signature ('create_character', 1, None)
INFO:nextcord.state:nextcord.ConnectionState: Registering command with signature ('guild', 1, None)
INFO:nextcord.state:nextcord.ConnectionState: Registering command with signature ('suggsetion', 1, None)
INFO:nextcord.state:nextcord.ConnectionState: Registering command with signature ('take_damage', 1, None)
INFO:nextcord.state:nextcord.ConnectionState: Registering command with signature ('crafting', 1, None)
INFO:nextcord.state:nextcord.ConnectionState: Registering command with signature ('market', 1, None)
INFO:root:('Bot has successfully logged in as: OpenRpg#8813', 'Bot ID: 893043103051706378\n')
INFO:nextcord.state:nextcord.ConnectionState: Registering command with signature ('player', 1, None)
INFO:nextcord.state:nextcord.ConnectionState: Registering command with signature ('fight', 1, None)
INFO:nextcord.state:nextcord.ConnectionState: Registering command with signature ('trade', 1, None)
INFO:root:('Ein Spieler Retro#5636 wurde gespeichert',)
INFO:root:('Ein Spieler Retro#5636 wurde gespeichert',)
INFO:root:('Ein Spieler Retro#5636 wurde gespeichert',)
INFO:nextcord.client:Cleaning up tasks.
INFO:nextcord.client:Cleaning up after 4 tasks.
INFO:nextcord.client:All tasks finished cancelling.
INFO:nextcord.client:Closing the event loop.
INFO:nextcord.client:logging in using static token
INFO:nextcord.gateway:Shard ID None has sent the IDENTIFY payload.
INFO:nextcord.gateway:Shard ID None has connected to Gateway: ["gateway-prd-main-f8cl",{"micros":110563,"calls":["id_created",{"micros":689,"calls":[]},"session_lookup_time",{"micros":302,"calls":[]},"session_lookup_finished",{"micros":12,"calls":[]},"discord-sessions-blue-prd-2-103",{"micros":109237,"calls":["start_session",{"micros":65245,"calls":["discord-api-b75cbb7b8-2vgj7",{"micros":58305,"calls":["get_user",{"micros":18655},"get_guilds",{"micros":6225},"send_scheduled_deletion_message",{"micros":9},"guild_join_requests",{"micros":1},"authorized_ip_coro",{"micros":9}]}]},"starting_guild_connect",{"micros":30,"calls":[]},"presence_started",{"micros":20111,"calls":[]},"guilds_started",{"micros":15387,"calls":[]},"guilds_connect",{"micros":2,"calls":[]},"presence_connect",{"micros":8431,"calls":[]},"connect_finished",{"micros":8437,"calls":[]},"build_ready",{"micros":24,"calls":[]},"optimize_ready",{"micros":0,"calls":[]},"split_ready",{"micros":1,"calls":[]},"clean_ready",{"micros":0,"calls":[]}]}]}] (Session ID: 8e94ba83eaf1e858d64293be536a4734).
INFO:nextcord.state:nextcord.ConnectionState: Registering command with signature ('create_character', 1, None)
INFO:nextcord.state:nextcord.ConnectionState: Registering command with signature ('guild', 1, None)
INFO:nextcord.state:nextcord.ConnectionState: Registering command with signature ('suggsetion', 1, None)
INFO:nextcord.state:nextcord.ConnectionState: Registering command with signature ('take_damage', 1, None)
INFO:root:('Bot has successfully logged in as: OpenRpg#8813', 'Bot ID: 893043103051706378\n')
INFO:nextcord.state:nextcord.ConnectionState: Registering command with signature ('crafting', 1, None)
INFO:nextcord.state:nextcord.ConnectionState: Registering command with signature ('market', 1, None)
INFO:root:('Ein Spieler Retro#5636 wurde gespeichert',)
INFO:root:('Ein Spieler Retro#5636 wurde gespeichert',)
INFO:root:('Ein Spieler Retro#5636 wurde gespeichert',)
INFO:nextcord.state:nextcord.ConnectionState: Registering command with signature ('player', 1, None)
INFO:nextcord.state:nextcord.ConnectionState: Registering command with signature ('fight', 1, None)
INFO:nextcord.state:nextcord.ConnectionState: Registering command with signature ('trade', 1, None)
INFO:nextcord.client:Cleaning up tasks.
INFO:nextcord.client:Cleaning up after 5 tasks.
INFO:nextcord.client:All tasks finished cancelling.
INFO:nextcord.client:Closing the event loop.
INFO:nextcord.client:logging in using static token
INFO:nextcord.gateway:Shard ID None has sent the IDENTIFY payload.
INFO:nextcord.gateway:Shard ID None has connected to Gateway: ["gateway-prd-main-ktql",{"micros":160696,"calls":["id_created",{"micros":700,"calls":[]},"session_lookup_time",{"micros":348,"calls":[]},"session_lookup_finished",{"micros":13,"calls":[]},"discord-sessions-blue-prd-2-199",{"micros":159226,"calls":["start_session",{"micros":98021,"calls":["discord-api-b75cbb7b8-7wtsr",{"micros":85889,"calls":["get_user",{"micros":47171},"get_guilds",{"micros":7272},"send_scheduled_deletion_message",{"micros":15},"guild_join_requests",{"micros":182},"authorized_ip_coro",{"micros":11}]}]},"starting_guild_connect",{"micros":24,"calls":[]},"presence_started",{"micros":14673,"calls":[]},"guilds_started",{"micros":495,"calls":[]},"guilds_connect",{"micros":1,"calls":[]},"presence_connect",{"micros":45971,"calls":[]},"connect_finished",{"micros":45975,"calls":[]},"build_ready",{"micros":35,"calls":[]},"optimize_ready",{"micros":1,"calls":[]},"split_ready",{"micros":0,"calls":[]},"clean_ready",{"micros":1,"calls":[]}]}]}] (Session ID: fea536607bac02ab7def19e2ab7a051a).
INFO:nextcord.state:nextcord.ConnectionState: Registering command with signature ('create_character', 1, None)
INFO:nextcord.state:nextcord.ConnectionState: Registering command with signature ('guild', 1, None)
INFO:nextcord.state:nextcord.ConnectionState: Registering command with signature ('suggsetion', 1, None)
INFO:nextcord.state:nextcord.ConnectionState: Registering command with signature ('take_damage', 1, None)
INFO:nextcord.state:nextcord.ConnectionState: Registering command with signature ('crafting', 1, None)
INFO:nextcord.state:nextcord.ConnectionState: Registering command with signature ('market', 1, None)
INFO:root:('Bot has successfully logged in as: OpenRpg#8813', 'Bot ID: 893043103051706378\n')
INFO:root:('Ein Spieler Retro#5636 wurde gespeichert',)
INFO:root:('Ein Spieler Retro#5636 wurde gespeichert',)
INFO:nextcord.state:nextcord.ConnectionState: Registering command with signature ('player', 1, None)
INFO:nextcord.state:nextcord.ConnectionState: Registering command with signature ('fight', 1, None)
INFO:nextcord.state:nextcord.ConnectionState: Registering command with signature ('trade', 1, None)
INFO:nextcord.client:Cleaning up tasks.
INFO:nextcord.client:Cleaning up after 4 tasks.
INFO:nextcord.client:All tasks finished cancelling.
INFO:nextcord.client:Closing the event loop.
INFO:nextcord.client:logging in using static token
INFO:nextcord.gateway:Shard ID None has sent the IDENTIFY payload.
INFO:nextcord.gateway:Shard ID None has connected to Gateway: ["gateway-prd-main-w0th",{"micros":117950,"calls":["id_created",{"micros":873,"calls":[]},"session_lookup_time",{"micros":1068,"calls":[]},"session_lookup_finished",{"micros":14,"calls":[]},"discord-sessions-blue-prd-2-42",{"micros":115615,"calls":["start_session",{"micros":93821,"calls":["discord-api-5749789877-6vfcd",{"micros":88119,"calls":["get_user",{"micros":30878},"get_guilds",{"micros":10035},"send_scheduled_deletion_message",{"micros":13},"guild_join_requests",{"micros":1532},"authorized_ip_coro",{"micros":16}]}]},"starting_guild_connect",{"micros":25,"calls":[]},"presence_started",{"micros":209,"calls":[]},"guilds_started",{"micros":13648,"calls":[]},"guilds_connect",{"micros":1,"calls":[]},"presence_connect",{"micros":7873,"calls":[]},"connect_finished",{"micros":7878,"calls":[]},"build_ready",{"micros":31,"calls":[]},"optimize_ready",{"micros":0,"calls":[]},"split_ready",{"micros":1,"calls":[]},"clean_ready",{"micros":0,"calls":[]}]}]}] (Session ID: 4d92ecfcd4d886267593dc03f437bbf2).
INFO:nextcord.state:nextcord.ConnectionState: Registering command with signature ('create_character', 1, None)
INFO:nextcord.state:nextcord.ConnectionState: Registering command with signature ('guild', 1, None)
INFO:nextcord.state:nextcord.ConnectionState: Registering command with signature ('suggsetion', 1, None)
INFO:nextcord.state:nextcord.ConnectionState: Registering command with signature ('take_damage', 1, None)
INFO:nextcord.state:nextcord.ConnectionState: Registering command with signature ('crafting', 1, None)
INFO:root:('Bot has successfully logged in as: OpenRpg#8813', 'Bot ID: 893043103051706378\n')
INFO:nextcord.state:nextcord.ConnectionState: Registering command with signature ('market', 1, None)
INFO:root:('Ein Spieler Retro#5636 wurde gespeichert',)
INFO:nextcord.state:nextcord.ConnectionState: Registering command with signature ('player', 1, None)
INFO:nextcord.state:nextcord.ConnectionState: Registering command with signature ('fight', 1, None)
INFO:nextcord.state:nextcord.ConnectionState: Registering command with signature ('trade', 1, None)
INFO:root:('Ein Spieler Retro#5636 wurde gespeichert',)
INFO:nextcord.client:Cleaning up tasks.
INFO:nextcord.client:Cleaning up after 4 tasks.
INFO:nextcord.client:All tasks finished cancelling.
INFO:nextcord.client:Closing the event loop.
INFO:nextcord.client:logging in using static token
INFO:nextcord.gateway:Shard ID None has sent the IDENTIFY payload.
INFO:nextcord.gateway:Shard ID None has connected to Gateway: ["gateway-prd-main-cg7n",{"micros":132944,"calls":["id_created",{"micros":617,"calls":[]},"session_lookup_time",{"micros":493,"calls":[]},"session_lookup_finished",{"micros":24,"calls":[]},"discord-sessions-blue-prd-2-150",{"micros":131365,"calls":["start_session",{"micros":82682,"calls":["discord-api-5749789877-pc6zq",{"micros":73989,"calls":["get_user",{"micros":27215},"get_guilds",{"micros":9266},"send_scheduled_deletion_message",{"micros":14},"guild_join_requests",{"micros":190},"authorized_ip_coro",{"micros":16}]}]},"starting_guild_connect",{"micros":32,"calls":[]},"presence_started",{"micros":463,"calls":[]},"guilds_started",{"micros":48132,"calls":[]},"guilds_connect",{"micros":2,"calls":[]},"presence_connect",{"micros":1,"calls":[]},"connect_finished",{"micros":6,"calls":[]},"build_ready",{"micros":45,"calls":[]},"optimize_ready",{"micros":1,"calls":[]},"split_ready",{"micros":0,"calls":[]},"clean_ready",{"micros":1,"calls":[]}]}]}] (Session ID: 94d3b96f33fc8326322d54a57f93beef).
INFO:nextcord.state:nextcord.ConnectionState: Registering command with signature ('create_character', 1, None)
INFO:nextcord.state:nextcord.ConnectionState: Registering command with signature ('guild', 1, None)
INFO:nextcord.state:nextcord.ConnectionState: Registering command with signature ('suggsetion', 1, None)
INFO:nextcord.state:nextcord.ConnectionState: Registering command with signature ('take_damage', 1, None)
INFO:nextcord.state:nextcord.ConnectionState: Registering command with signature ('crafting', 1, None)
INFO:nextcord.state:nextcord.ConnectionState: Registering command with signature ('market', 1, None)
INFO:root:('Bot has successfully logged in as: OpenRpg#8813', 'Bot ID: 893043103051706378\n')
INFO:root:('Ein Spieler Retro#5636 wurde gespeichert',)
INFO:root:('Ein Spieler Retro#5636 wurde gespeichert',)
INFO:root:('Ein Spieler Retro#5636 wurde gespeichert',)
INFO:nextcord.state:nextcord.ConnectionState: Registering command with signature ('player', 1, None)
INFO:nextcord.state:nextcord.ConnectionState: Registering command with signature ('fight', 1, None)
INFO:nextcord.state:nextcord.ConnectionState: Registering command with signature ('trade', 1, None)
INFO:root:('Ein Spieler Retro#5636 wurde gespeichert',)
INFO:root:('Retro#5636 hat 10xheal-potion-small bekommen von Retro#5636',)
INFO:root:('Ein Spieler Retro#5636 wurde gespeichert',)
INFO:root:('Ein Spieler Retro#5636 wurde gespeichert',)
INFO:root:('Ein Spieler Retro#5636 wurde gespeichert',)
INFO:root:('Ein Spieler Retro#5636 wurde gespeichert',)
INFO:root:('Ein Spieler Retro#5636 wurde gespeichert',)
INFO:root:('Ein Spieler Retro#5636 wurde gespeichert',)
INFO:root:('Ein Spieler Retro#5636 wurde gespeichert',)
INFO:root:('Ein Spieler Retro#5636 wurde gespeichert',)
INFO:root:('Ein Spieler Retro#5636 wurde gespeichert',)
INFO:root:('Ein Spieler Retro#5636 wurde gespeichert',)
INFO:root:('Ein Spieler Retro#5636 wurde gespeichert',)
INFO:nextcord.client:Cleaning up tasks.
INFO:nextcord.client:Cleaning up after 10 tasks.
INFO:nextcord.client:All tasks finished cancelling.
INFO:nextcord.client:Closing the event loop.
INFO:nextcord.client:logging in using static token
INFO:nextcord.gateway:Shard ID None has sent the IDENTIFY payload.
INFO:nextcord.gateway:Shard ID None has connected to Gateway: ["gateway-prd-main-cvtp",{"micros":90897,"calls":["id_created",{"micros":515,"calls":[]},"session_lookup_time",{"micros":352,"calls":[]},"session_lookup_finished",{"micros":17,"calls":[]},"discord-sessions-green-prd-2-190",{"micros":89132,"calls":["start_session",{"micros":49656,"calls":["discord-api-7655565c9-nnpq7",{"micros":45202,"calls":["get_user",{"micros":12943},"get_guilds",{"micros":4872},"send_scheduled_deletion_message",{"micros":11},"guild_join_requests",{"micros":1},"authorized_ip_coro",{"micros":12}]}]},"starting_guild_connect",{"micros":54,"calls":[]},"presence_started",{"micros":9448,"calls":[]},"guilds_started",{"micros":852,"calls":[]},"guilds_connect",{"micros":1,"calls":[]},"presence_connect",{"micros":29078,"calls":[]},"connect_finished",{"micros":29083,"calls":[]},"build_ready",{"micros":34,"calls":[]},"optimize_ready",{"micros":1,"calls":[]},"split_ready",{"micros":1,"calls":[]},"clean_ready",{"micros":0,"calls":[]}]}]}] (Session ID: c38a81aed4edd7ec0f56ec7ee1c35596).
INFO:nextcord.state:nextcord.ConnectionState: Registering command with signature ('create_character', 1, None)
INFO:nextcord.state:nextcord.ConnectionState: Registering command with signature ('guild', 1, None)
INFO:nextcord.state:nextcord.ConnectionState: Registering command with signature ('suggsetion', 1, None)
INFO:nextcord.state:nextcord.ConnectionState: Registering command with signature ('take_damage', 1, None)
INFO:nextcord.state:nextcord.ConnectionState: Registering command with signature ('crafting', 1, None)
INFO:nextcord.state:nextcord.ConnectionState: Registering command with signature ('market', 1, None)
INFO:root:('Bot has successfully logged in as: OpenRpg#8813', 'Bot ID: 893043103051706378\n')
INFO:nextcord.state:nextcord.ConnectionState: Registering command with signature ('player', 1, None)
INFO:nextcord.state:nextcord.ConnectionState: Registering command with signature ('fight', 1, None)
INFO:nextcord.state:nextcord.ConnectionState: Registering command with signature ('trade', 1, None)
INFO:root:('Ein Spieler Retro#5636 wurde gespeichert',)
INFO:root:('Ein Spieler Retro#5636 wurde gespeichert',)
INFO:root:('Ein Spieler Retro#5636 wurde gespeichert',)
INFO:nextcord.client:Cleaning up tasks.
INFO:nextcord.client:Cleaning up after 3 tasks.
INFO:nextcord.client:All tasks finished cancelling.
INFO:nextcord.client:Closing the event loop.
INFO:nextcord.client:logging in using static token
INFO:nextcord.gateway:Shard ID None has sent the IDENTIFY payload.
INFO:nextcord.gateway:Shard ID None has connected to Gateway: ["gateway-prd-main-v434",{"micros":98079,"calls":["id_created",{"micros":689,"calls":[]},"session_lookup_time",{"micros":318,"calls":[]},"session_lookup_finished",{"micros":20,"calls":[]},"discord-sessions-green-prd-2-164",{"micros":96553,"calls":["start_session",{"micros":80278,"calls":["discord-api-c95bb754c-nfltj",{"micros":74623,"calls":["get_user",{"micros":45102},"get_guilds",{"micros":7137},"send_scheduled_deletion_message",{"micros":18},"guild_join_requests",{"micros":2},"authorized_ip_coro",{"micros":18}]}]},"starting_guild_connect",{"micros":31,"calls":[]},"presence_started",{"micros":286,"calls":[]},"guilds_started",{"micros":553,"calls":[]},"guilds_connect",{"micros":1,"calls":[]},"presence_connect",{"micros":15367,"calls":[]},"connect_finished",{"micros":15372,"calls":[]},"build_ready",{"micros":29,"calls":[]},"optimize_ready",{"micros":1,"calls":[]},"split_ready",{"micros":1,"calls":[]},"clean_ready",{"micros":0,"calls":[]}]}]}] (Session ID: c42f703eafc46b6d459078cfab017f15).
INFO:nextcord.state:nextcord.ConnectionState: Registering command with signature ('create_character', 1, None)
INFO:nextcord.state:nextcord.ConnectionState: Registering command with signature ('guild', 1, None)
INFO:nextcord.state:nextcord.ConnectionState: Registering command with signature ('suggsetion', 1, None)
INFO:nextcord.state:nextcord.ConnectionState: Registering command with signature ('take_damage', 1, None)
INFO:nextcord.state:nextcord.ConnectionState: Registering command with signature ('crafting', 1, None)
INFO:nextcord.state:nextcord.ConnectionState: Registering command with signature ('market', 1, None)
INFO:root:('Bot has successfully logged in as: OpenRpg#8813', 'Bot ID: 893043103051706378\n')
INFO:root:('Ein Spieler Retro#5636 wurde gespeichert',)
INFO:nextcord.state:nextcord.ConnectionState: Registering command with signature ('player', 1, None)
INFO:nextcord.state:nextcord.ConnectionState: Registering command with signature ('fight', 1, None)
INFO:nextcord.state:nextcord.ConnectionState: Registering command with signature ('trade', 1, None)
INFO:root:('Ein Spieler Retro#5636 wurde gespeichert',)
INFO:root:('Ein Spieler Retro#5636 wurde gespeichert',)
INFO:root:('Ein Spieler Retro#5636 wurde gespeichert',)
INFO:root:('Ein Spieler Retro#5636 wurde gespeichert',)
INFO:root:('Ein Spieler Retro#5636 wurde gespeichert',)
INFO:root:('Ein Spieler Retro#5636 wurde gespeichert',)
INFO:root:('Ein Spieler Retro#5636 wurde gespeichert',)
INFO:root:('Ein Spieler Retro#5636 wurde gespeichert',)
INFO:root:('Ein Spieler Retro#5636 wurde gespeichert',)
INFO:root:('Ein Spieler Retro#5636 wurde gespeichert',)
INFO:nextcord.client:Cleaning up tasks.
INFO:nextcord.client:Cleaning up after 2 tasks.
INFO:nextcord.client:All tasks finished cancelling.
INFO:nextcord.client:Closing the event loop.
INFO:nextcord.client:logging in using static token
INFO:nextcord.gateway:Shard ID None has sent the IDENTIFY payload.
INFO:nextcord.gateway:Shard ID None has connected to Gateway: ["gateway-prd-main-n97l",{"micros":115548,"calls":["id_created",{"micros":517,"calls":[]},"session_lookup_time",{"micros":330,"calls":[]},"session_lookup_finished",{"micros":15,"calls":[]},"discord-sessions-green-prd-2-3",{"micros":114237,"calls":["start_session",{"micros":69218,"calls":["discord-api-c95bb754c-58r9q",{"micros":61786,"calls":["get_user",{"micros":12293},"get_guilds",{"micros":13470},"send_scheduled_deletion_message",{"micros":8},"guild_join_requests",{"micros":1},"authorized_ip_coro",{"micros":8}]}]},"starting_guild_connect",{"micros":32,"calls":[]},"presence_started",{"micros":11982,"calls":[]},"guilds_started",{"micros":24016,"calls":[]},"guilds_connect",{"micros":2,"calls":[]},"presence_connect",{"micros":8954,"calls":[]},"connect_finished",{"micros":8959,"calls":[]},"build_ready",{"micros":27,"calls":[]},"optimize_ready",{"micros":0,"calls":[]},"split_ready",{"micros":1,"calls":[]},"clean_ready",{"micros":0,"calls":[]}]}]}] (Session ID: 0b4f67cf95e216f7fa404e985985bb68).
INFO:nextcord.state:nextcord.ConnectionState: Registering command with signature ('create_character', 1, None)
INFO:nextcord.state:nextcord.ConnectionState: Registering command with signature ('guild', 1, None)
INFO:nextcord.state:nextcord.ConnectionState: Registering command with signature ('suggsetion', 1, None)
INFO:nextcord.state:nextcord.ConnectionState: Registering command with signature ('take_damage', 1, None)
INFO:nextcord.state:nextcord.ConnectionState: Registering command with signature ('crafting', 1, None)
INFO:nextcord.state:nextcord.ConnectionState: Registering command with signature ('market', 1, None)
INFO:root:('Bot has successfully logged in as: OpenRpg#8813', 'Bot ID: 893043103051706378\n')
INFO:nextcord.state:nextcord.ConnectionState: Registering command with signature ('player', 1, None)
INFO:nextcord.state:nextcord.ConnectionState: Registering command with signature ('fight', 1, None)
INFO:nextcord.state:nextcord.ConnectionState: Registering command with signature ('trade', 1, None)
INFO:nextcord.state:nextcord.ConnectionState: Registering command with signature ('del_all_guilds', 1, None)
INFO:nextcord.client:Cleaning up tasks.
INFO:nextcord.client:Cleaning up after 2 tasks.
INFO:nextcord.client:All tasks finished cancelling.
INFO:nextcord.client:Closing the event loop.
INFO:nextcord.client:logging in using static token
INFO:nextcord.gateway:Shard ID None has sent the IDENTIFY payload.
INFO:nextcord.gateway:Shard ID None has connected to Gateway: ["gateway-prd-main-1xp6",{"micros":97990,"calls":["id_created",{"micros":618,"calls":[]},"session_lookup_time",{"micros":362,"calls":[]},"session_lookup_finished",{"micros":16,"calls":[]},"discord-sessions-green-prd-2-192",{"micros":96429,"calls":["start_session",{"micros":73693,"calls":["discord-api-c95bb754c-nq72m",{"micros":65383,"calls":["get_user",{"micros":13968},"get_guilds",{"micros":3662},"send_scheduled_deletion_message",{"micros":12},"guild_join_requests",{"micros":2},"authorized_ip_coro",{"micros":10}]}]},"starting_guild_connect",{"micros":31,"calls":[]},"presence_started",{"micros":241,"calls":[]},"guilds_started",{"micros":495,"calls":[]},"guilds_connect",{"micros":1,"calls":[]},"presence_connect",{"micros":21928,"calls":[]},"connect_finished",{"micros":21933,"calls":[]},"build_ready",{"micros":31,"calls":[]},"optimize_ready",{"micros":0,"calls":[]},"split_ready",{"micros":1,"calls":[]},"clean_ready",{"micros":1,"calls":[]}]}]}] (Session ID: 0434fc76f19c7c4726b97e76cddb5b71).
INFO:nextcord.state:nextcord.ConnectionState: Registering command with signature ('create_character', 1, None)
INFO:nextcord.state:nextcord.ConnectionState: Registering command with signature ('guild', 1, None)
INFO:nextcord.state:nextcord.ConnectionState: Registering command with signature ('suggsetion', 1, None)
INFO:nextcord.state:nextcord.ConnectionState: Registering command with signature ('take_damage', 1, None)
INFO:nextcord.state:nextcord.ConnectionState: Registering command with signature ('crafting', 1, None)
INFO:nextcord.state:nextcord.ConnectionState: Registering command with signature ('market', 1, None)
INFO:root:('Bot has successfully logged in as: OpenRpg#8813', 'Bot ID: 893043103051706378\n')
INFO:nextcord.state:nextcord.ConnectionState: Registering command with signature ('player', 1, None)
INFO:nextcord.state:nextcord.ConnectionState: Registering command with signature ('fight', 1, None)
INFO:nextcord.state:nextcord.ConnectionState: Registering command with signature ('trade', 1, None)
INFO:nextcord.state:nextcord.ConnectionState: Registering command with signature ('del_all_guilds', 1, None)
INFO:nextcord.client:Cleaning up tasks.
INFO:nextcord.client:Cleaning up after 2 tasks.
INFO:nextcord.client:All tasks finished cancelling.
INFO:nextcord.client:Closing the event loop.
INFO:nextcord.client:logging in using static token
INFO:nextcord.gateway:Shard ID None has sent the IDENTIFY payload.
INFO:nextcord.gateway:Shard ID None has connected to Gateway: ["gateway-prd-main-z9ft",{"micros":117851,"calls":["id_created",{"micros":577,"calls":[]},"session_lookup_time",{"micros":290,"calls":[]},"session_lookup_finished",{"micros":18,"calls":[]},"discord-sessions-green-prd-2-153",{"micros":116552,"calls":["start_session",{"micros":46733,"calls":["discord-api-c95bb754c-w96c2",{"micros":40574,"calls":["get_user",{"micros":10881},"get_guilds",{"micros":5967},"send_scheduled_deletion_message",{"micros":10},"guild_join_requests",{"micros":1},"authorized_ip_coro",{"micros":11}]}]},"starting_guild_connect",{"micros":37,"calls":[]},"presence_started",{"micros":377,"calls":[]},"guilds_started",{"micros":69373,"calls":[]},"guilds_connect",{"micros":2,"calls":[]},"presence_connect",{"micros":1,"calls":[]},"connect_finished",{"micros":6,"calls":[]},"build_ready",{"micros":23,"calls":[]},"optimize_ready",{"micros":1,"calls":[]},"split_ready",{"micros":0,"calls":[]},"clean_ready",{"micros":0,"calls":[]}]}]}] (Session ID: 5eba173068e80882e5489314bb74f23c).
INFO:nextcord.state:nextcord.ConnectionState: Registering command with signature ('create_character', 1, None)
WARNING:nextcord.http:We are being rate limited. Retrying in 14.47 seconds. Handled under the bucket "None:None:/applications/{application_id}/commands"
INFO:root:('Bot has successfully logged in as: OpenRpg#8813', 'Bot ID: 893043103051706378\n')
INFO:nextcord.state:nextcord.ConnectionState: Registering command with signature ('guild', 1, None)
INFO:nextcord.state:nextcord.ConnectionState: Registering command with signature ('suggsetion', 1, None)
INFO:nextcord.state:nextcord.ConnectionState: Registering command with signature ('take_damage', 1, None)
INFO:nextcord.state:nextcord.ConnectionState: Registering command with signature ('crafting', 1, None)
INFO:nextcord.state:nextcord.ConnectionState: Registering command with signature ('market', 1, None)
INFO:root:('Ein Spieler Retro#5636 wurde gespeichert',)
INFO:nextcord.state:nextcord.ConnectionState: Registering command with signature ('player', 1, None)
INFO:nextcord.state:nextcord.ConnectionState: Registering command with signature ('fight', 1, None)
INFO:nextcord.state:nextcord.ConnectionState: Registering command with signature ('trade', 1, None)
INFO:nextcord.state:nextcord.ConnectionState: Registering command with signature ('del_all_guilds', 1, None)
INFO:root:('Ein Spieler Retro#5636 wurde gespeichert',)
INFO:nextcord.gateway:Websocket closed with WSCloseCode.ABNORMAL_CLOSURE, attempting a reconnect.
INFO:nextcord.client:Got a request to RESUME the websocket.
INFO:root:('Bot ist disconnected von Discord',)
INFO:nextcord.gateway:Shard ID None has sent the RESUME payload.
INFO:nextcord.gateway:Shard ID None session has been invalidated.
INFO:nextcord.client:Got a request to IDENTIFY the websocket.
INFO:root:('Bot ist disconnected von Discord',)
INFO:nextcord.gateway:Shard ID None has sent the IDENTIFY payload.
INFO:nextcord.gateway:Shard ID None has connected to Gateway: ["gateway-prd-main-gfdz",{"micros":70789,"calls":["id_created",{"micros":844,"calls":[]},"session_lookup_time",{"micros":356,"calls":[]},"session_lookup_finished",{"micros":27,"calls":[]},"discord-sessions-green-prd-2-163",{"micros":68939,"calls":["start_session",{"micros":65190,"calls":["discord-api-c95bb754c-dzgx7",{"micros":60974,"calls":["get_user",{"micros":10828},"get_guilds",{"micros":15917},"send_scheduled_deletion_message",{"micros":9},"guild_join_requests",{"micros":2},"authorized_ip_coro",{"micros":13}]}]},"starting_guild_connect",{"micros":35,"calls":[]},"presence_started",{"micros":234,"calls":[]},"guilds_started",{"micros":505,"calls":[]},"guilds_connect",{"micros":2,"calls":[]},"presence_connect",{"micros":2944,"calls":[]},"connect_finished",{"micros":2948,"calls":[]},"build_ready",{"micros":24,"calls":[]},"optimize_ready",{"micros":0,"calls":[]},"split_ready",{"micros":1,"calls":[]},"clean_ready",{"micros":0,"calls":[]}]}]}] (Session ID: b974b6a8f357c65e270f9f70fab97f79).
INFO:nextcord.state:nextcord.ConnectionState: Registering command with signature ('create_character', 1, None)
INFO:nextcord.state:nextcord.ConnectionState: Registering command with signature ('guild', 1, None)
INFO:nextcord.state:nextcord.ConnectionState: Registering command with signature ('suggsetion', 1, None)
INFO:nextcord.state:nextcord.ConnectionState: Registering command with signature ('take_damage', 1, None)
INFO:nextcord.state:nextcord.ConnectionState: Registering command with signature ('crafting', 1, None)
INFO:nextcord.state:nextcord.ConnectionState: Registering command with signature ('market', 1, None)
INFO:root:('Bot has successfully logged in as: OpenRpg#8813', 'Bot ID: 893043103051706378\n')
INFO:nextcord.state:nextcord.ConnectionState: Registering command with signature ('player', 1, None)
INFO:nextcord.state:nextcord.ConnectionState: Registering command with signature ('fight', 1, None)
INFO:nextcord.state:nextcord.ConnectionState: Registering command with signature ('trade', 1, None)
INFO:nextcord.state:nextcord.ConnectionState: Registering command with signature ('del_all_guilds', 1, None)
INFO:nextcord.gateway:Timed out receiving packet. Attempting a reconnect.
INFO:nextcord.client:Got a request to RESUME the websocket.
INFO:root:('Bot ist disconnected von Discord',)
INFO:nextcord.gateway:Shard ID None has sent the RESUME payload.
INFO:nextcord.gateway:Shard ID None session has been invalidated.
INFO:nextcord.client:Got a request to IDENTIFY the websocket.
INFO:root:('Bot ist disconnected von Discord',)
INFO:nextcord.gateway:Shard ID None has sent the IDENTIFY payload.
INFO:nextcord.gateway:Shard ID None has connected to Gateway: ["gateway-prd-main-bzrv",{"micros":106403,"calls":["id_created",{"micros":1137,"calls":[]},"session_lookup_time",{"micros":3995,"calls":[]},"session_lookup_finished",{"micros":18,"calls":[]},"discord-sessions-green-prd-2-151",{"micros":100528,"calls":["start_session",{"micros":98812,"calls":["discord-api-94f7b764d-69tvj",{"micros":88872,"calls":["get_user",{"micros":15014},"get_guilds",{"micros":14558},"send_scheduled_deletion_message",{"micros":13},"guild_join_requests",{"micros":4253},"authorized_ip_coro",{"micros":9}]}]},"starting_guild_connect",{"micros":31,"calls":[]},"presence_started",{"micros":380,"calls":[]},"guilds_started",{"micros":596,"calls":[]},"guilds_connect",{"micros":1,"calls":[]},"presence_connect",{"micros":662,"calls":[]},"connect_finished",{"micros":667,"calls":[]},"build_ready",{"micros":38,"calls":[]},"optimize_ready",{"micros":0,"calls":[]},"split_ready",{"micros":1,"calls":[]},"clean_ready",{"micros":0,"calls":[]}]}]}] (Session ID: d4ae1beb49700a01c673d685d973cd69).
INFO:nextcord.state:nextcord.ConnectionState: Registering command with signature ('create_character', 1, None)
INFO:nextcord.state:nextcord.ConnectionState: Registering command with signature ('guild', 1, None)
INFO:nextcord.state:nextcord.ConnectionState: Registering command with signature ('suggsetion', 1, None)
INFO:nextcord.state:nextcord.ConnectionState: Registering command with signature ('take_damage', 1, None)
INFO:nextcord.state:nextcord.ConnectionState: Registering command with signature ('crafting', 1, None)
INFO:nextcord.state:nextcord.ConnectionState: Registering command with signature ('market', 1, None)
INFO:root:('Bot has successfully logged in as: OpenRpg#8813', 'Bot ID: 893043103051706378\n')
INFO:nextcord.state:nextcord.ConnectionState: Registering command with signature ('player', 1, None)
INFO:nextcord.state:nextcord.ConnectionState: Registering command with signature ('fight', 1, None)
INFO:nextcord.state:nextcord.ConnectionState: Registering command with signature ('trade', 1, None)
INFO:nextcord.state:nextcord.ConnectionState: Registering command with signature ('del_all_guilds', 1, None)
INFO:nextcord.client:Cleaning up tasks.
INFO:nextcord.client:Cleaning up after 2 tasks.
INFO:nextcord.client:All tasks finished cancelling.
INFO:nextcord.client:Closing the event loop.
INFO:nextcord.client:logging in using static token
INFO:nextcord.gateway:Shard ID None has sent the IDENTIFY payload.
INFO:nextcord.gateway:Shard ID None has connected to Gateway: ["gateway-prd-main-73nn",{"micros":59744,"calls":["id_created",{"micros":1122,"calls":[]},"session_lookup_time",{"micros":264,"calls":[]},"session_lookup_finished",{"micros":14,"calls":[]},"discord-sessions-blue-prd-2-65",{"micros":57953,"calls":["start_session",{"micros":44525,"calls":["discord-api-7fc4cb59bd-ssfff",{"micros":40231,"calls":["get_user",{"micros":19474},"get_guilds",{"micros":4629},"send_scheduled_deletion_message",{"micros":10},"guild_join_requests",{"micros":1},"authorized_ip_coro",{"micros":13}]}]},"starting_guild_connect",{"micros":26,"calls":[]},"presence_started",{"micros":279,"calls":[]},"guilds_started",{"micros":13083,"calls":[]},"guilds_connect",{"micros":1,"calls":[]},"presence_connect",{"micros":1,"calls":[]},"connect_finished",{"micros":30,"calls":[]},"build_ready",{"micros":6,"calls":[]},"optimize_ready",{"micros":0,"calls":[]},"split_ready",{"micros":1,"calls":[]},"clean_ready",{"micros":1,"calls":[]}]}]}] (Session ID: 13080a714b99ba38a7989a16915fcc32).
INFO:nextcord.state:nextcord.ConnectionState: Registering command with signature ('create_character', 1, None)
INFO:nextcord.state:nextcord.ConnectionState: Registering command with signature ('guild', 1, None)
INFO:nextcord.state:nextcord.ConnectionState: Registering command with signature ('suggsetion', 1, None)
INFO:root:('Bot has successfully logged in as: OpenRpg#8813', 'Bot ID: 893043103051706378\n')
INFO:nextcord.state:nextcord.ConnectionState: Registering command with signature ('take_damage', 1, None)
INFO:nextcord.state:nextcord.ConnectionState: Registering command with signature ('crafting', 1, None)
INFO:nextcord.state:nextcord.ConnectionState: Registering command with signature ('market', 1, None)
INFO:nextcord.state:nextcord.ConnectionState: Registering command with signature ('player', 1, None)
INFO:nextcord.state:nextcord.ConnectionState: Registering command with signature ('fight', 1, None)
INFO:nextcord.state:nextcord.ConnectionState: Registering command with signature ('trade', 1, None)
INFO:nextcord.state:nextcord.ConnectionState: Registering command with signature ('del_all_guilds', 1, None)
INFO:nextcord.client:Cleaning up tasks.
INFO:nextcord.client:Cleaning up after 2 tasks.
INFO:nextcord.client:All tasks finished cancelling.
INFO:nextcord.client:Closing the event loop.
INFO:nextcord.client:logging in using static token
INFO:nextcord.gateway:Shard ID None has sent the IDENTIFY payload.
INFO:nextcord.gateway:Shard ID None has connected to Gateway: ["gateway-prd-main-m3zs",{"micros":108391,"calls":["id_created",{"micros":923,"calls":[]},"session_lookup_time",{"micros":2113,"calls":[]},"session_lookup_finished",{"micros":16,"calls":[]},"discord-sessions-blue-prd-2-29",{"micros":105076,"calls":["start_session",{"micros":41709,"calls":["discord-api-7fc4cb59bd-swql4",{"micros":37479,"calls":["get_user",{"micros":13133},"get_guilds",{"micros":4417},"send_scheduled_deletion_message",{"micros":12},"guild_join_requests",{"micros":1},"authorized_ip_coro",{"micros":12}]}]},"starting_guild_connect",{"micros":34,"calls":[]},"presence_started",{"micros":42091,"calls":[]},"guilds_started",{"micros":21206,"calls":[]},"guilds_connect",{"micros":2,"calls":[]},"presence_connect",{"micros":1,"calls":[]},"connect_finished",{"micros":28,"calls":[]},"build_ready",{"micros":5,"calls":[]},"optimize_ready",{"micros":0,"calls":[]},"split_ready",{"micros":1,"calls":[]},"clean_ready",{"micros":0,"calls":[]}]}]}] (Session ID: ff624bcbe868e9175090e141e013a664).
INFO:nextcord.state:nextcord.ConnectionState: Registering command with signature ('create_character', 1, None)
INFO:nextcord.state:nextcord.ConnectionState: Registering command with signature ('guild', 1, None)
INFO:nextcord.state:nextcord.ConnectionState: Registering command with signature ('suggsetion', 1, None)
INFO:root:('Bot has successfully logged in as: OpenRpg#8813', 'Bot ID: 893043103051706378\n')
INFO:nextcord.state:nextcord.ConnectionState: Registering command with signature ('take_damage', 1, None)
INFO:nextcord.state:nextcord.ConnectionState: Registering command with signature ('crafting', 1, None)
INFO:nextcord.state:nextcord.ConnectionState: Registering command with signature ('market', 1, None)
INFO:nextcord.state:nextcord.ConnectionState: Registering command with signature ('player', 1, None)
INFO:nextcord.state:nextcord.ConnectionState: Registering command with signature ('fight', 1, None)
INFO:nextcord.state:nextcord.ConnectionState: Registering command with signature ('trade', 1, None)
INFO:nextcord.state:nextcord.ConnectionState: Registering command with signature ('del_all_guilds', 1, None)
INFO:nextcord.client:Cleaning up tasks.
INFO:nextcord.client:Cleaning up after 2 tasks.
INFO:nextcord.client:All tasks finished cancelling.
INFO:nextcord.client:Closing the event loop.
INFO:nextcord.client:logging in using static token
INFO:nextcord.gateway:Shard ID None has sent the IDENTIFY payload.
INFO:nextcord.gateway:Shard ID None has connected to Gateway: ["gateway-prd-main-12mk",{"micros":200221,"calls":["id_created",{"micros":1251,"calls":[]},"session_lookup_time",{"micros":877,"calls":[]},"session_lookup_finished",{"micros":17,"calls":[]},"discord-sessions-green-prd-2-183",{"micros":197476,"calls":["start_session",{"micros":147982,"calls":["discord-api-7fc4cb59bd-zb6j9",{"micros":129728,"calls":["get_user",{"micros":36880},"get_guilds",{"micros":13978},"send_scheduled_deletion_message",{"micros":11},"guild_join_requests",{"micros":2},"authorized_ip_coro",{"micros":12}]}]},"starting_guild_connect",{"micros":31,"calls":[]},"presence_started",{"micros":445,"calls":[]},"guilds_started",{"micros":5128,"calls":[]},"guilds_connect",{"micros":1,"calls":[]},"presence_connect",{"micros":43855,"calls":[]},"connect_finished",{"micros":43860,"calls":[]},"build_ready",{"micros":26,"calls":[]},"optimize_ready",{"micros":0,"calls":[]},"split_ready",{"micros":1,"calls":[]},"clean_ready",{"micros":0,"calls":[]}]}]}] (Session ID: 21cbca550ddff2306458efcf43d4d46b).
INFO:nextcord.state:nextcord.ConnectionState: Registering command with signature ('create_character', 1, None)
INFO:nextcord.state:nextcord.ConnectionState: Registering command with signature ('guild', 1, None)
INFO:nextcord.state:nextcord.ConnectionState: Registering command with signature ('suggsetion', 1, None)
INFO:nextcord.state:nextcord.ConnectionState: Registering command with signature ('take_damage', 1, None)
INFO:nextcord.state:nextcord.ConnectionState: Registering command with signature ('crafting', 1, None)
INFO:nextcord.state:nextcord.ConnectionState: Registering command with signature ('market', 1, None)
INFO:root:('Bot has successfully logged in as: OpenRpg#8813', 'Bot ID: 893043103051706378\n')
INFO:nextcord.client:Cleaning up tasks.
INFO:nextcord.client:Cleaning up after 3 tasks.
INFO:nextcord.client:All tasks finished cancelling.
INFO:nextcord.client:Closing the event loop.
INFO:nextcord.client:logging in using static token
INFO:nextcord.gateway:Shard ID None has sent the IDENTIFY payload.
INFO:nextcord.gateway:Shard ID None has connected to Gateway: ["gateway-prd-main-f4dl",{"micros":140523,"calls":["id_created",{"micros":1110,"calls":[]},"session_lookup_time",{"micros":363,"calls":[]},"session_lookup_finished",{"micros":13,"calls":[]},"discord-sessions-blue-prd-2-88",{"micros":138506,"calls":["start_session",{"micros":94137,"calls":["discord-api-7fc4cb59bd-29h7n",{"micros":84522,"calls":["get_user",{"micros":20839},"get_guilds",{"micros":5395},"send_scheduled_deletion_message",{"micros":9},"guild_join_requests",{"micros":314},"authorized_ip_coro",{"micros":12}]}]},"starting_guild_connect",{"micros":35,"calls":[]},"presence_started",{"micros":245,"calls":[]},"guilds_started",{"micros":44038,"calls":[]},"guilds_connect",{"micros":2,"calls":[]},"presence_connect",{"micros":1,"calls":[]},"connect_finished",{"micros":6,"calls":[]},"build_ready",{"micros":40,"calls":[]},"optimize_ready",{"micros":0,"calls":[]},"split_ready",{"micros":1,"calls":[]},"clean_ready",{"micros":1,"calls":[]}]}]}] (Session ID: 26716be12e85eafaa722f9de159453fd).
INFO:nextcord.state:nextcord.ConnectionState: Registering command with signature ('create_character', 1, None)
WARNING:nextcord.http:We are being rate limited. Retrying in 5.88 seconds. Handled under the bucket "None:None:/applications/{application_id}/commands"
INFO:root:('Bot has successfully logged in as: OpenRpg#8813', 'Bot ID: 893043103051706378\n')
INFO:nextcord.state:nextcord.ConnectionState: Registering command with signature ('guild', 1, None)
INFO:nextcord.state:nextcord.ConnectionState: Registering command with signature ('suggsetion', 1, None)
INFO:nextcord.state:nextcord.ConnectionState: Registering command with signature ('take_damage', 1, None)
INFO:nextcord.state:nextcord.ConnectionState: Registering command with signature ('crafting', 1, None)
INFO:nextcord.state:nextcord.ConnectionState: Registering command with signature ('market', 1, None)
INFO:nextcord.state:nextcord.ConnectionState: Registering command with signature ('player', 1, None)
INFO:nextcord.state:nextcord.ConnectionState: Registering command with signature ('fight', 1, None)
INFO:nextcord.state:nextcord.ConnectionState: Registering command with signature ('trade', 1, None)
INFO:nextcord.state:nextcord.ConnectionState: Registering command with signature ('del_all_guilds', 1, None)
INFO:nextcord.client:Cleaning up tasks.
INFO:nextcord.client:Cleaning up after 2 tasks.
INFO:nextcord.client:All tasks finished cancelling.
INFO:nextcord.client:Closing the event loop.
INFO:nextcord.client:logging in using static token
INFO:nextcord.gateway:Shard ID None has sent the IDENTIFY payload.
INFO:nextcord.gateway:Shard ID None has connected to Gateway: ["gateway-prd-main-9prj",{"micros":54486,"calls":["id_created",{"micros":899,"calls":[]},"session_lookup_time",{"micros":280,"calls":[]},"session_lookup_finished",{"micros":15,"calls":[]},"discord-sessions-green-prd-2-163",{"micros":52859,"calls":["start_session",{"micros":32033,"calls":["discord-api-7fc4cb59bd-vxrnl",{"micros":27561,"calls":["get_user",{"micros":9018},"get_guilds",{"micros":2757},"send_scheduled_deletion_message",{"micros":10},"guild_join_requests",{"micros":1},"authorized_ip_coro",{"micros":13}]}]},"starting_guild_connect",{"micros":31,"calls":[]},"presence_started",{"micros":18973,"calls":[]},"guilds_started",{"micros":517,"calls":[]},"guilds_connect",{"micros":2,"calls":[]},"presence_connect",{"micros":1275,"calls":[]},"connect_finished",{"micros":1279,"calls":[]},"build_ready",{"micros":23,"calls":[]},"optimize_ready",{"micros":1,"calls":[]},"split_ready",{"micros":0,"calls":[]},"clean_ready",{"micros":1,"calls":[]}]}]}] (Session ID: d0244b27cb295a68cf2b3740bf50936d).
INFO:nextcord.state:nextcord.ConnectionState: Registering command with signature ('create_character', 1, None)
INFO:nextcord.state:nextcord.ConnectionState: Registering command with signature ('guild', 1, None)
INFO:nextcord.state:nextcord.ConnectionState: Registering command with signature ('suggsetion', 1, None)
INFO:nextcord.state:nextcord.ConnectionState: Registering command with signature ('take_damage', 1, None)
INFO:nextcord.state:nextcord.ConnectionState: Registering command with signature ('crafting', 1, None)
INFO:root:('Bot has successfully logged in as: OpenRpg#8813', 'Bot ID: 893043103051706378\n')
INFO:nextcord.state:nextcord.ConnectionState: Registering command with signature ('market', 1, None)
INFO:nextcord.state:nextcord.ConnectionState: Registering command with signature ('player', 1, None)
INFO:nextcord.state:nextcord.ConnectionState: Registering command with signature ('fight', 1, None)
INFO:nextcord.state:nextcord.ConnectionState: Registering command with signature ('trade', 1, None)
INFO:nextcord.state:nextcord.ConnectionState: Registering command with signature ('del_all_guilds', 1, None)
INFO:nextcord.client:Cleaning up tasks.
INFO:nextcord.client:Cleaning up after 2 tasks.
INFO:nextcord.client:All tasks finished cancelling.
INFO:nextcord.client:Closing the event loop.
INFO:nextcord.client:logging in using static token
INFO:nextcord.gateway:Shard ID None has sent the IDENTIFY payload.
INFO:nextcord.gateway:Shard ID None has connected to Gateway: ["gateway-prd-main-h35h",{"micros":115663,"calls":["id_created",{"micros":1220,"calls":[]},"session_lookup_time",{"micros":8528,"calls":[]},"session_lookup_finished",{"micros":12,"calls":[]},"discord-sessions-blue-prd-2-40",{"micros":105263,"calls":["start_session",{"micros":45172,"calls":["discord-api-7fc4cb59bd-v8bf5",{"micros":41141,"calls":["get_user",{"micros":10584},"get_guilds",{"micros":5132},"send_scheduled_deletion_message",{"micros":11},"guild_join_requests",{"micros":148},"authorized_ip_coro",{"micros":13}]}]},"starting_guild_connect",{"micros":39,"calls":[]},"presence_started",{"micros":27478,"calls":[]},"guilds_started",{"micros":32535,"calls":[]},"guilds_connect",{"micros":1,"calls":[]},"presence_connect",{"micros":1,"calls":[]},"connect_finished",{"micros":28,"calls":[]},"build_ready",{"micros":7,"calls":[]},"optimize_ready",{"micros":0,"calls":[]},"split_ready",{"micros":1,"calls":[]},"clean_ready",{"micros":1,"calls":[]}]}]}] (Session ID: db81ada99a949f214a9868dbf0d5c495).
INFO:nextcord.state:nextcord.ConnectionState: Registering command with signature ('create_character', 1, None)
INFO:nextcord.state:nextcord.ConnectionState: Registering command with signature ('guild', 1, None)
INFO:nextcord.state:nextcord.ConnectionState: Registering command with signature ('suggsetion', 1, None)
INFO:nextcord.state:nextcord.ConnectionState: Registering command with signature ('take_damage', 1, None)
INFO:nextcord.state:nextcord.ConnectionState: Registering command with signature ('crafting', 1, None)
INFO:root:('Bot has successfully logged in as: OpenRpg#8813', 'Bot ID: 893043103051706378\n')
INFO:nextcord.state:nextcord.ConnectionState: Registering command with signature ('market', 1, None)
INFO:nextcord.state:nextcord.ConnectionState: Registering command with signature ('player', 1, None)
INFO:nextcord.state:nextcord.ConnectionState: Registering command with signature ('fight', 1, None)
INFO:nextcord.state:nextcord.ConnectionState: Registering command with signature ('trade', 1, None)
INFO:nextcord.state:nextcord.ConnectionState: Registering command with signature ('del_all_guilds', 1, None)
INFO:nextcord.client:Cleaning up tasks.
INFO:nextcord.client:Cleaning up after 2 tasks.
INFO:nextcord.client:All tasks finished cancelling.
INFO:nextcord.client:Closing the event loop.
INFO:nextcord.client:logging in using static token
INFO:nextcord.gateway:Shard ID None has sent the IDENTIFY payload.
INFO:nextcord.gateway:Shard ID None has connected to Gateway: ["gateway-prd-main-kn32",{"micros":155077,"calls":["id_created",{"micros":985,"calls":[]},"session_lookup_time",{"micros":7541,"calls":[]},"session_lookup_finished",{"micros":16,"calls":[]},"discord-sessions-green-prd-2-116",{"micros":145894,"calls":["start_session",{"micros":92327,"calls":["discord-api-7fc4cb59bd-j8b2w",{"micros":87424,"calls":["get_user",{"micros":14704},"get_guilds",{"micros":4573},"send_scheduled_deletion_message",{"micros":12},"guild_join_requests",{"micros":2},"authorized_ip_coro",{"micros":12}]}]},"starting_guild_connect",{"micros":29,"calls":[]},"presence_started",{"micros":21638,"calls":[]},"guilds_started",{"micros":30330,"calls":[]},"guilds_connect",{"micros":2,"calls":[]},"presence_connect",{"micros":1537,"calls":[]},"connect_finished",{"micros":1542,"calls":[]},"build_ready",{"micros":24,"calls":[]},"optimize_ready",{"micros":1,"calls":[]},"split_ready",{"micros":0,"calls":[]},"clean_ready",{"micros":0,"calls":[]}]}]}] (Session ID: f3f3a566757632fa665f9fd4dc5c1c85).
INFO:nextcord.state:nextcord.ConnectionState: Registering command with signature ('create_character', 1, None)
INFO:nextcord.state:nextcord.ConnectionState: Registering command with signature ('guild', 1, None)
INFO:nextcord.state:nextcord.ConnectionState: Registering command with signature ('suggsetion', 1, None)
INFO:nextcord.state:nextcord.ConnectionState: Registering command with signature ('take_damage', 1, None)
INFO:nextcord.state:nextcord.ConnectionState: Registering command with signature ('crafting', 1, None)
INFO:root:('Bot has successfully logged in as: OpenRpg#8813', 'Bot ID: 893043103051706378\n')
INFO:nextcord.state:nextcord.ConnectionState: Registering command with signature ('market', 1, None)
INFO:nextcord.state:nextcord.ConnectionState: Registering command with signature ('player', 1, None)
INFO:nextcord.state:nextcord.ConnectionState: Registering command with signature ('fight', 1, None)
INFO:nextcord.state:nextcord.ConnectionState: Registering command with signature ('trade', 1, None)
INFO:nextcord.state:nextcord.ConnectionState: Registering command with signature ('del_all_guilds', 1, None)
INFO:nextcord.client:Cleaning up tasks.
INFO:nextcord.client:Cleaning up after 2 tasks.
INFO:nextcord.client:All tasks finished cancelling.
INFO:nextcord.client:Closing the event loop.
INFO:nextcord.client:logging in using static token
INFO:nextcord.gateway:Shard ID None has sent the IDENTIFY payload.
INFO:nextcord.gateway:Shard ID None has connected to Gateway: ["gateway-prd-main-09sg",{"micros":96881,"calls":["id_created",{"micros":710,"calls":[]},"session_lookup_time",{"micros":245,"calls":[]},"session_lookup_finished",{"micros":16,"calls":[]},"discord-sessions-green-prd-2-165",{"micros":92716,"calls":["start_session",{"micros":62547,"calls":["discord-api-7fc4cb59bd-lkh4c",{"micros":48351,"calls":["get_user",{"micros":19845},"get_guilds",{"micros":4047},"send_scheduled_deletion_message",{"micros":12},"guild_join_requests",{"micros":2},"authorized_ip_coro",{"micros":12}]}]},"starting_guild_connect",{"micros":29,"calls":[]},"presence_started",{"micros":292,"calls":[]},"guilds_started",{"micros":29814,"calls":[]},"guilds_connect",{"micros":1,"calls":[]},"presence_connect",{"micros":1,"calls":[]},"connect_finished",{"micros":5,"calls":[]},"build_ready",{"micros":26,"calls":[]},"optimize_ready",{"micros":0,"calls":[]},"split_ready",{"micros":1,"calls":[]},"clean_ready",{"micros":0,"calls":[]}]}]}] (Session ID: d1e5e6533b787b837025c60506dcbe2b).
INFO:nextcord.state:nextcord.ConnectionState: Registering command with signature ('create_character', 1, None)
WARNING:nextcord.http:We are being rate limited. Retrying in 7.21 seconds. Handled under the bucket "None:None:/applications/{application_id}/commands"
INFO:root:('Bot has successfully logged in as: OpenRpg#8813', 'Bot ID: 893043103051706378\n')
INFO:nextcord.state:nextcord.ConnectionState: Registering command with signature ('guild', 1, None)
INFO:nextcord.state:nextcord.ConnectionState: Registering command with signature ('suggsetion', 1, None)
INFO:nextcord.state:nextcord.ConnectionState: Registering command with signature ('take_damage', 1, None)
INFO:nextcord.state:nextcord.ConnectionState: Registering command with signature ('crafting', 1, None)
INFO:nextcord.state:nextcord.ConnectionState: Registering command with signature ('market', 1, None)
INFO:nextcord.state:nextcord.ConnectionState: Registering command with signature ('player', 1, None)
INFO:nextcord.state:nextcord.ConnectionState: Registering command with signature ('fight', 1, None)
INFO:nextcord.state:nextcord.ConnectionState: Registering command with signature ('trade', 1, None)
INFO:nextcord.state:nextcord.ConnectionState: Registering command with signature ('del_all_guilds', 1, None)
INFO:nextcord.client:Cleaning up tasks.
INFO:nextcord.client:Cleaning up after 2 tasks.
INFO:nextcord.client:All tasks finished cancelling.
INFO:nextcord.client:Closing the event loop.
INFO:nextcord.client:logging in using static token
INFO:nextcord.gateway:Shard ID None has sent the IDENTIFY payload.
INFO:nextcord.gateway:Shard ID None has connected to Gateway: ["gateway-prd-main-9tlt",{"micros":77434,"calls":["id_created",{"micros":770,"calls":[]},"session_lookup_time",{"micros":277,"calls":[]},"session_lookup_finished",{"micros":10,"calls":[]},"discord-sessions-blue-prd-2-114",{"micros":74927,"calls":["start_session",{"micros":52827,"calls":["discord-api-7fc4cb59bd-6bfwx",{"micros":47699,"calls":["get_user",{"micros":13118},"get_guilds",{"micros":8493},"send_scheduled_deletion_message",{"micros":11},"guild_join_requests",{"micros":1},"authorized_ip_coro",{"micros":11}]}]},"starting_guild_connect",{"micros":32,"calls":[]},"presence_started",{"micros":285,"calls":[]},"guilds_started",{"micros":21748,"calls":[]},"guilds_connect",{"micros":2,"calls":[]},"presence_connect",{"micros":1,"calls":[]},"connect_finished",{"micros":26,"calls":[]},"build_ready",{"micros":5,"calls":[]},"optimize_ready",{"micros":0,"calls":[]},"split_ready",{"micros":1,"calls":[]},"clean_ready",{"micros":1,"calls":[]}]}]}] (Session ID: 51237584572553f26e89223dfe9f827a).
INFO:nextcord.state:nextcord.ConnectionState: Registering command with signature ('create_character', 1, None)
INFO:nextcord.state:nextcord.ConnectionState: Registering command with signature ('guild', 1, None)
INFO:nextcord.state:nextcord.ConnectionState: Registering command with signature ('suggsetion', 1, None)
INFO:nextcord.state:nextcord.ConnectionState: Registering command with signature ('take_damage', 1, None)
INFO:nextcord.state:nextcord.ConnectionState: Registering command with signature ('crafting', 1, None)
INFO:nextcord.state:nextcord.ConnectionState: Registering command with signature ('market', 1, None)
INFO:root:('Bot has successfully logged in as: OpenRpg#8813', 'Bot ID: 893043103051706378\n')
INFO:nextcord.state:nextcord.ConnectionState: Registering command with signature ('player', 1, None)
INFO:nextcord.state:nextcord.ConnectionState: Registering command with signature ('fight', 1, None)
INFO:nextcord.state:nextcord.ConnectionState: Registering command with signature ('trade', 1, None)
INFO:nextcord.state:nextcord.ConnectionState: Registering command with signature ('del_all_guilds', 1, None)
INFO:nextcord.client:Cleaning up tasks.
INFO:nextcord.client:Cleaning up after 2 tasks.
INFO:nextcord.client:All tasks finished cancelling.
INFO:nextcord.client:Closing the event loop.
INFO:nextcord.client:logging in using static token
INFO:nextcord.gateway:Shard ID None has sent the IDENTIFY payload.
INFO:nextcord.gateway:Shard ID None has connected to Gateway: ["gateway-prd-main-m2qx",{"micros":126514,"calls":["id_created",{"micros":1003,"calls":[]},"session_lookup_time",{"micros":417,"calls":[]},"session_lookup_finished",{"micros":12,"calls":[]},"discord-sessions-green-prd-2-128",{"micros":124073,"calls":["start_session",{"micros":92669,"calls":["discord-api-7fc4cb59bd-zlz6d",{"micros":86835,"calls":["get_user",{"micros":26369},"get_guilds",{"micros":16594},"send_scheduled_deletion_message",{"micros":15},"guild_join_requests",{"micros":3},"authorized_ip_coro",{"micros":19}]}]},"starting_guild_connect",{"micros":33,"calls":[]},"presence_started",{"micros":295,"calls":[]},"guilds_started",{"micros":467,"calls":[]},"guilds_connect",{"micros":2,"calls":[]},"presence_connect",{"micros":30562,"calls":[]},"connect_finished",{"micros":30566,"calls":[]},"build_ready",{"micros":38,"calls":[]},"optimize_ready",{"micros":0,"calls":[]},"split_ready",{"micros":1,"calls":[]},"clean_ready",{"micros":1,"calls":[]}]}]}] (Session ID: db597e8c956d3c8e146fc100884b69a2).
INFO:nextcord.state:nextcord.ConnectionState: Registering command with signature ('create_character', 1, None)
INFO:nextcord.state:nextcord.ConnectionState: Registering command with signature ('guild', 1, None)
INFO:nextcord.state:nextcord.ConnectionState: Registering command with signature ('suggsetion', 1, None)
INFO:nextcord.state:nextcord.ConnectionState: Registering command with signature ('take_damage', 1, None)
INFO:nextcord.state:nextcord.ConnectionState: Registering command with signature ('crafting', 1, None)
INFO:root:('Bot has successfully logged in as: OpenRpg#8813', 'Bot ID: 893043103051706378\n')
INFO:nextcord.state:nextcord.ConnectionState: Registering command with signature ('market', 1, None)
INFO:nextcord.state:nextcord.ConnectionState: Registering command with signature ('player', 1, None)
INFO:nextcord.state:nextcord.ConnectionState: Registering command with signature ('fight', 1, None)
INFO:nextcord.state:nextcord.ConnectionState: Registering command with signature ('trade', 1, None)
INFO:nextcord.state:nextcord.ConnectionState: Registering command with signature ('del_all_guilds', 1, None)
INFO:nextcord.client:Cleaning up tasks.
INFO:nextcord.client:Cleaning up after 2 tasks.
INFO:nextcord.client:All tasks finished cancelling.
INFO:nextcord.client:Closing the event loop.
INFO:nextcord.client:logging in using static token
INFO:nextcord.gateway:Shard ID None has sent the IDENTIFY payload.
INFO:nextcord.gateway:Shard ID None has connected to Gateway: ["gateway-prd-main-lc67",{"micros":81414,"calls":["id_created",{"micros":788,"calls":[]},"session_lookup_time",{"micros":3889,"calls":[]},"session_lookup_finished",{"micros":12,"calls":[]},"discord-sessions-green-prd-2-178",{"micros":76317,"calls":["start_session",{"micros":47852,"calls":["discord-api-7fc4cb59bd-vzd4v",{"micros":42605,"calls":["get_user",{"micros":12027},"get_guilds",{"micros":5631},"send_scheduled_deletion_message",{"micros":10},"guild_join_requests",{"micros":242},"authorized_ip_coro",{"micros":13}]}]},"starting_guild_connect",{"micros":26,"calls":[]},"presence_started",{"micros":218,"calls":[]},"guilds_started",{"micros":28184,"calls":[]},"guilds_connect",{"micros":2,"calls":[]},"presence_connect",{"micros":1,"calls":[]},"connect_finished",{"micros":6,"calls":[]},"build_ready",{"micros":27,"calls":[]},"optimize_ready",{"micros":1,"calls":[]},"split_ready",{"micros":1,"calls":[]},"clean_ready",{"micros":0,"calls":[]}]}]}] (Session ID: d0d0848a722d0ab881e3d9e860819d14).
INFO:nextcord.state:nextcord.ConnectionState: Registering command with signature ('create_character', 1, None)
INFO:nextcord.state:nextcord.ConnectionState: Registering command with signature ('guild', 1, None)
INFO:nextcord.state:nextcord.ConnectionState: Registering command with signature ('suggsetion', 1, None)
INFO:nextcord.state:nextcord.ConnectionState: Registering command with signature ('take_damage', 1, None)
INFO:nextcord.state:nextcord.ConnectionState: Registering command with signature ('crafting', 1, None)
INFO:nextcord.state:nextcord.ConnectionState: Registering command with signature ('market', 1, None)
INFO:root:('Bot has successfully logged in as: OpenRpg#8813', 'Bot ID: 893043103051706378\n')
INFO:nextcord.state:nextcord.ConnectionState: Registering command with signature ('player', 1, None)
INFO:nextcord.state:nextcord.ConnectionState: Registering command with signature ('fight', 1, None)
INFO:nextcord.state:nextcord.ConnectionState: Registering command with signature ('trade', 1, None)
INFO:nextcord.state:nextcord.ConnectionState: Registering command with signature ('del_all_guilds', 1, None)
